3609
171 125 175 126
148 84 159 84
66 165 69 167
183 138 194 138
168 62 179 62
185 142 195 142
106 16 117 16
161 1 172 1
181 198 192 198
21 249 32 249
139 191 150 191
147 138 158 138
112 118 123 118
84 107 95 107
125 54 136 54
58 22 69 22
71 154 82 154
22 57 33 57
25 69 36 69
45 167 56 167
116 46 127 46
68 113 79 113
40 190 51 190
41 220 46 221
106 139 117 139
79 41 90 41
39 69 46 69
44 218 49 219
45 11 50 12
151 157 162 157
76 48 87 48
11 248 22 248
31 128 42 128
38 28 49 28
181 35 192 35
143 234 146 236
143 20 148 21
22 45 33 45
130 99 141 99
64 208 75 208
54 59 59 60
65 154 70 155
14 173 25 173
163 120 174 120
1 229 10 229
27 64 38 64
81 5 92 5
22 106 33 106
141 136 151 136
79 82 90 82
175 20 186 20
171 214 182 214
86 115 97 115
188 192 199 192
33 230 44 230
129 184 140 184
74 168 77 170
34 107 45 107
30 23 41 23
32 35 43 35
162 185 173 185
118 92 129 92
23 31 34 31
183 44 194 44
74 52 84 52
77 29 86 29
41 92 52 92
71 137 76 138
52 52 63 52
52 138 63 138
143 215 154 215
168 207 173 208
38 34 49 34
24 46 35 46
110 66 121 66
121 133 132 133
8 199 13 200
186 128 191 129
15 6 26 6
185 241 196 241
158 81 169 81
10 152 21 152
106 247 117 247
70 118 81 118
119 37 130 37
94 95 105 95
170 53 181 53
42 137 53 137
28 193 39 193
62 91 73 91
135 122 146 122
13 126 24 126
65 90 76 90
156 167 167 167
174 145 185 145
114 212 125 212
85 33 96 33
61 246 72 246
153 75 164 75
2 194 7 195
171 142 182 142
188 47 199 47
142 79 147 80
58 234 69 234
71 104 82 104
31 228 42 228
187 182 197 182
163 127 174 127
91 24 96 25
1 22 11 22
56 34 67 34
66 161 76 161
95 232 106 232
81 180 92 180
150 199 161 199
168 163 179 163
86 211 97 211
76 182 81 183
84 34 95 34
50 33 61 33
49 106 60 106
110 189 121 189
2 134 13 134
9 234 20 234
104 135 115 135
55 211 66 211
185 73 190 74
105 211 116 211
142 232 153 232
66 156 77 156
24 60 35 60
16 74 19 76
48 114 59 114
94 172 105 172
20 149 31 149
116 236 127 236
110 213 121 213
2 240 13 240
58 158 69 158
15 208 26 208
53 237 64 237
39 179 50 179
13 69 24 69
101 122 112 122
24 127 35 127
93 105 101 105
6 237 17 237
109 245 120 245
84 79 95 79
53 84 62 84
141 53 152 53
174 186 185 186
2 104 13 104
27 18 37 18
105 145 116 145
180 152 191 152
19 23 24 24
58 224 69 224
1 168 6 169
116 219 119 221
118 61 123 62
116 166 127 166
88 239 99 239
103 216 105 219
27 13 38 13
36 155 47 155
144 70 149 71
23 7 34 7
170 128 181 128
19 202 30 202
152 17 163 17
98 202 105 202
131 154 142 154
181 213 192 213
87 119 98 119
165 47 174 47
114 9 125 9
42 49 53 49
164 89 175 89
108 121 119 121
60 248 71 248
154 89 156 91
76 112 86 112
190 189 193 191
27 159 38 159
107 111 118 111
91 21 94 23
155 187 165 187
26 103 37 103
62 123 73 123
155 238 166 238
93 78 104 78
20 105 31 105
32 62 43 62
84 71 95 71
169 182 180 182
83 87 94 87
23 187 34 187
89 52 100 52
33 53 44 53
124 68 127 70
103 74 114 74
177 249 188 249
117 33 128 33
163 164 174 164
24 224 27 226
13 27 18 28
185 247 196 247
136 60 147 60
141 173 151 173
106 180 117 180
6 118 17 118
190 102 195 103
153 182 164 182
141 223 152 223
17 83 28 83
89 92 100 92
92 249 103 249
9 192 14 193
8 154 19 154
93 75 104 75
60 109 71 109
176 178 187 178
111 23 121 23
128 57 139 57
12 1 23 1
35 245 40 246
151 105 162 105
58 94 69 94
191 149 196 150
73 17 84 17
129 216 140 216
12 146 23 146
80 142 91 142
96 190 107 190
36 213 47 213
40 169 51 169
153 71 164 71
153 111 164 111
184 162 195 162
33 93 38 94
73 149 84 149
35 61 46 61
87 129 98 129
71 235 82 235
26 184 37 184
94 16 105 16
51 31 62 31
188 161 199 161
15 207 26 207
38 41 43 42
123 140 126 142
81 202 82 207
20 199 31 199
39 68 50 68
103 43 114 43
45 123 56 123
52 148 63 148
104 81 115 81
177 26 182 27
46 216 57 216
2 170 13 170
7 19 18 19
0 217 11 217
15 123 26 123
183 72 194 72
22 70 33 70
185 144 196 144
102 164 112 164
96 23 107 23
100 56 111 56
196 73 199 75
118 176 129 176
78 43 89 43
180 240 191 240
85 40 95 40
118 85 121 87
7 10 18 10
60 13 71 13
37 81 48 81
20 107 31 107
79 147 90 147
148 165 158 165
37 27 48 27
130 70 141 70
75 114 86 114
181 197 192 197
125 238 136 238
173 144 184 144
186 177 197 177
147 25 156 25
22 77 27 78
47 56 58 56
0 12 5 13
29 217 40 217
99 57 110 57
114 164 125 164
37 48 48 48
185 123 196 123
9 215 20 215
41 135 52 135
23 248 34 248
75 185 86 185
106 233 117 233
8 77 19 77
89 152 94 153
168 219 179 219
118 124 129 124
82 77 93 77
63 116 74 116
175 79 186 79
118 89 121 91
7 125 18 125
123 119 134 119
67 58 78 58
77 148 88 148
96 217 99 219
1 105 12 105
136 119 141 120
61 141 72 141
23 52 34 52
164 193 175 193
60 73 71 73
185 204 196 204
62 240 73 240
25 177 36 177
19 30 30 30
131 153 142 153
111 165 122 165
54 10 65 10
136 232 138 235
130 80 141 80
87 216 98 216
112 192 123 192
92 27 103 27
124 178 135 178
105 88 116 88
98 178 109 178
69 79 80 79
62 106 73 106
111 201 118 201
158 178 169 178
123 23 134 23
163 144 168 145
194 119 199 120
75 13 86 13
78 63 89 63
176 76 187 76
108 36 119 36
3 107 14 107
73 173 84 173
176 2 187 2
168 61 179 61
12 12 23 12
86 227 97 227
49 6 60 6
134 72 145 72
0 61 11 61
13 159 24 159
109 54 120 54
49 187 60 187
158 196 166 196
131 44 142 44
71 201 76 202
194 164 196 167
54 54 59 55
52 124 63 124
1 162 6 163
135 161 146 161
170 233 175 234
50 208 61 208
91 32 102 32
6 34 17 34
194 190 199 191
54 11 65 11
105 12 116 12
70 209 73 211
159 9 164 10
0 66 5 67
192 18 197 19
25 48 36 48
122 81 133 81
49 206 60 206
150 113 155 114
126 88 131 89
135 56 146 56
53 203 64 203
7 35 18 35
172 82 183 82
97 79 102 80
10 172 20 172
64 169 69 170
90 208 101 208
43 8 54 8
183 199 194 199
175 8 186 8
3 26 8 27
113 187 124 187
181 104 192 104
129 71 140 71
136 29 146 29
51 75 62 75
163 239 174 239
125 241 130 242
139 17 150 17
130 35 141 35
130 208 137 208
122 237 133 237
26 212 37 212
158 34 163 35
183 69 186 71
36 168 47 168
187 26 192 27
168 32 179 32
86 27 91 28
61 43 66 44
22 32 31 32
144 137 155 137
0 43 11 43
152 56 163 56
121 111 126 112
110 138 121 138
20 111 31 111
134 173 139 174
46 42 57 42
183 188 194 188
124 225 135 225
88 50 99 50
172 189 183 189
175 96 186 96
88 183 99 183
177 3 188 3
94 196 105 196
95 49 106 49
174 116 185 116
137 128 147 128
12 82 23 82
114 163 125 163
149 33 160 33
173 57 184 57
153 247 158 248
58 95 69 95
1 222 4 224
69 34 80 34
20 14 25 15
47 61 58 61
9 249 20 249
12 174 23 174
175 60 186 60
135 221 137 224
6 184 11 185
94 11 105 11
30 233 41 233
6 186 16 186
85 0 96 0
5 178 16 178
75 150 86 150
16 78 21 79
125 36 136 36
122 34 127 35
12 184 23 184
79 56 90 56
108 199 119 199
140 248 151 248
7 109 18 109
63 152 74 152
156 61 167 61
25 74 36 74
46 41 57 41
6 68 17 68
84 166 95 166
187 20 198 20
11 122 22 122
98 17 109 17
176 146 187 146
57 118 68 118
122 234 132 234
18 235 29 235
52 50 63 50
181 23 184 25
82 228 87 229
27 102 38 102
173 83 184 83
164 147 175 147
44 4 55 4
102 200 113 200
97 82 108 82
0 72 1 77
39 132 44 133
175 121 186 121
188 122 199 122
159 162 170 162
104 244 115 244
138 208 143 209
165 202 176 202
22 0 33 0
168 15 171 17
163 45 168 46
139 213 150 213
103 80 114 80
109 152 120 152
129 47 140 47
117 229 128 229
90 91 101 91
171 45 182 45
136 178 139 180
127 91 138 91
95 125 98 127
134 90 145 90
22 191 33 191
0 42 11 42
180 64 190 64
120 231 125 232
197 218 198 223
112 169 123 169
0 123 11 123
123 75 126 77
165 98 176 98
98 223 109 223
107 144 118 144
185 221 190 222
70 125 75 126
98 33 109 33
5 112 16 112
5 236 16 236
57 122 68 122
149 168 160 168
121 42 132 42
77 157 88 157
101 173 112 173
171 68 182 68
23 59 34 59
55 178 66 178
20 97 31 97
117 150 128 150
166 188 177 188
65 41 75 41
132 41 143 41
39 200 50 200
91 222 100 222
33 198 44 198
67 187 78 187
108 190 119 190
41 140 52 140
91 206 102 206
112 85 117 86
9 7 20 7
155 197 166 197
75 181 86 181
9 233 20 233
155 189 166 189
136 242 143 242
3 207 14 207
4 137 7 139
183 134 194 134
24 118 35 118
85 124 96 124
169 228 180 228
85 130 96 130
29 36 40 36
146 31 157 31
92 30 103 30
41 245 48 245
42 60 53 60
84 61 95 61
187 55 198 55
47 89 52 90
158 216 169 216
104 79 115 79
111 17 122 17
44 37 55 37
26 228 29 230
27 147 38 147
63 249 74 249
96 44 101 45
90 135 101 135
7 143 18 143
81 240 92 240
87 154 98 154
40 151 51 151
6 222 11 223
155 239 160 240
156 143 167 143
37 31 48 31
130 227 141 227
34 29 45 29
100 117 111 117
84 158 95 158
19 236 24 237
0 108 11 108
12 90 23 90
72 158 83 158
140 57 151 57
147 127 158 127
102 126 113 126
14 198 19 199
153 125 164 125
55 48 66 48
173 16 184 16
168 167 179 167
157 44 162 45
1 41 12 41
159 55 170 55
51 205 62 205
11 145 22 145
61 133 72 133
122 189 133 189
62 35 67 36
182 136 187 137
79 46 90 46
168 9 179 9
147 193 158 193
52 177 62 177
28 166 39 166
32 32 43 32
66 103 77 103
65 147 76 147
42 197 53 197
110 18 121 18
6 47 17 47
133 220 144 220
20 155 23 157
81 50 86 51
186 202 191 203
96 40 107 40
161 168 172 168
123 248 128 249
109 222 120 222
31 38 42 38
102 94 113 94
71 130 82 130
74 37 85 37
171 72 182 72
135 231 146 231
129 127 132 129
166 141 177 141
1 20 12 20
40 134 51 134
69 200 80 200
101 35 106 36
15 238 24 238
131 60 133 62
159 54 170 54
190 155 195 156
162 115 173 115
49 74 60 74
147 174 152 175
167 206 178 206
70 105 80 105
91 103 102 103
16 39 27 39
135 39 140 40
93 101 104 101
169 86 180 86
49 112 60 112
92 93 103 93
108 40 119 40
13 221 16 223
148 152 159 152
99 160 110 160
164 221 167 223
19 35 30 35
181 229 186 230
150 222 160 222
60 244 71 244
79 117 90 117
125 93 136 93
52 51 63 51
103 69 114 69
131 67 142 67
156 15 167 15
57 3 62 4
5 36 16 36
54 247 65 247
90 63 101 63
98 157 109 157
103 112 114 112
96 245 107 245
121 171 132 171
35 195 37 197
27 21 38 21
79 204 80 209
144 194 155 194
5 99 16 99
60 62 71 62
160 211 171 211
102 150 107 151
27 194 38 194
39 94 50 94
90 207 101 207
64 164 75 164
59 67 70 67
176 196 179 198
186 143 196 143
21 222 32 222
117 15 128 15
134 219 145 219
87 98 98 98
82 225 93 225
129 150 140 150
28 134 39 134
56 5 67 5
141 243 142 247
101 5 112 5
168 70 179 70
78 245 89 245
187 31 198 31
180 170 183 172
5 201 6 205
108 52 119 52
31 22 42 22
68 110 79 110
87 171 92 172
108 230 119 230
7 88 18 88
45 32 56 32
173 204 184 204
10 127 21 127
95 110 106 110
135 230 146 230
113 160 124 160
117 204 128 204
59 121 70 121
194 51 199 52
112 68 122 68
68 160 79 160
0 98 11 98
179 233 184 234
40 189 51 189
121 211 132 211
21 53 32 53
138 151 149 151
40 195 45 196
169 236 180 236
44 118 55 118
116 41 127 41
180 149 185 150
165 137 176 137
193 26 198 27
28 190 39 190
146 48 157 48
12 241 23 241
51 115 62 115
21 245 26 246
130 97 141 97
141 138 146 139
19 128 30 128
15 65 23 65
95 191 103 191
150 104 161 104
45 152 56 152
124 138 135 138
170 63 181 63
25 236 28 238
136 100 147 100
128 195 139 195
170 28 181 28
130 10 132 13
76 164 87 164
8 67 19 67
51 26 56 27
138 199 149 199
150 158 161 158
120 24 131 24
96 212 107 212
91 233 102 233
1 116 12 116
68 232 79 232
15 20 26 20
94 189 105 189
66 242 71 243
32 26 35 28
184 232 195 232
146 226 157 226
114 227 125 227
141 177 143 180
8 38 13 39
47 38 58 38
88 112 99 112
128 177 139 177
114 89 117 91
65 57 76 57
180 37 191 37
196 5 199 7
34 225 37 227
7 48 18 48
111 51 122 51
58 210 69 210
53 136 64 136
128 190 139 190
31 172 42 172
3 233 8 234
76 59 87 59
52 130 63 130
34 191 45 191
177 127 188 127
35 120 40 121
83 44 94 44
145 149 150 150
6 44 15 44
10 239 21 239
5 176 16 176
159 223 162 225
40 136 51 136
80 64 91 64
52 219 63 219
156 218 164 218
20 117 31 117
12 100 23 100
15 94 26 94
169 148 180 148
123 100 134 100
107 205 118 205
162 134 164 137
4 157 15 157
149 34 154 35
8 124 19 124
29 77 40 77
75 184 86 184
0 25 11 25
97 53 108 53
158 159 169 159
11 213 16 214
67 42 72 43
152 62 163 62
27 189 38 189
48 35 53 36
187 185 198 185
73 46 74 51
103 136 114 136
183 28 194 28
141 190 152 190
184 139 195 139
127 75 138 75
32 141 43 141
94 28 105 28
92 46 103 46
37 1 48 1
119 201 124 202
180 235 191 235
121 226 132 226
141 148 152 148
66 29 76 29
15 116 26 116
64 181 73 181
59 68 70 68
86 174 97 174
65 98 76 98
0 102 8 102
31 131 41 131
9 137 20 137
131 117 142 117
109 39 120 39
9 45 20 45
154 119 165 119
80 196 83 198
154 77 165 77
131 241 142 241
107 78 118 78
130 15 141 15
186 208 197 208
191 140 196 141
96 4 107 4
165 27 176 27
45 88 53 88
108 119 119 119
126 84 137 84
78 108 89 108
153 175 164 175
69 35 80 35
120 110 131 110
36 136 39 138
33 110 44 110
102 227 113 227
63 117 74 117
71 121 76 122
125 159 130 160
78 155 89 155
8 244 13 245
80 78 91 78
83 205 86 207
28 162 39 162
21 120 32 120
24 49 27 51
157 116 168 116
69 6 80 6
178 50 189 50
186 57 197 57
1 128 3 131
27 165 37 165
123 152 133 152
162 26 173 26
194 49 199 50
61 32 72 32
176 89 187 89
24 129 27 131
137 129 148 129
52 165 63 165
43 205 48 206
71 53 82 53
159 169 162 170
156 88 164 88
152 173 163 173
43 166 54 166
18 201 29 201
49 176 60 176
23 138 34 138
44 22 55 22
152 80 157 81
134 30 145 30
165 249 176 249
145 24 155 24
31 56 42 56
145 147 156 147
172 223 177 224
147 166 152 167
23 16 34 16
96 69 101 70
58 172 63 173
3 206 14 206
23 176 34 176
71 196 76 197
139 145 142 147
107 14 118 14
141 140 152 140
181 135 192 135
161 181 172 181
99 9 110 9
108 11 119 11
78 91 89 91
0 218 11 218
63 198 74 198
191 221 192 226
128 162 131 164
9 190 14 191
140 135 151 135
94 118 105 118
12 78 14 81
11 226 22 226
23 213 34 213
7 135 18 135
176 147 187 147
182 49 193 49
73 216 84 216
27 195 29 198
158 80 169 80
13 5 24 5
174 168 185 168
18 175 29 175
72 107 83 107
187 148 198 148
123 83 134 83
87 184 92 185
154 103 165 103
56 16 67 16
97 3 108 3
137 101 148 101
65 81 70 82
84 4 95 4
31 19 36 20
132 160 134 163
49 220 60 220
62 33 73 33
135 162 146 162
14 64 25 64
57 35 60 37
57 197 68 197
165 111 170 112
160 133 171 133
97 58 108 58
187 108 198 108
37 7 48 7
16 206 27 206
179 22 190 22
6 117 17 117
185 23 190 24
28 14 39 14
70 83 75 84
12 46 23 46
122 79 133 79
99 125 110 125
145 5 156 5
1 219 12 219
119 144 130 144
170 194 181 194
29 37 40 37
127 53 138 53
142 195 147 196
69 237 80 237
184 17 187 19
106 206 117 206
0 124 5 125
31 88 42 88
51 209 62 209
120 199 131 199
89 51 99 51
15 37 26 37
88 238 99 238
70 124 81 124
179 33 190 33
27 80 36 80
87 195 89 198
119 224 130 224
148 32 159 32
112 117 123 117
44 2 52 2
101 6 112 6
58 146 63 147
183 200 194 200
144 209 155 209
40 241 51 241
0 117 5 118
175 47 186 47
88 65 90 68
92 145 103 145
85 88 96 88
102 70 113 70
23 244 34 244
132 144 143 144
25 54 36 54
95 148 106 148
33 109 44 109
198 230 199 234
164 241 175 241
79 39 84 40
192 13 197 14
72 36 83 36
158 122 169 122
101 193 112 193
142 48 145 50
90 164 101 164
194 104 197 106
54 76 65 76
188 107 197 107
52 93 63 93
98 224 109 224
85 17 95 17
97 170 108 170
114 246 125 246
172 118 183 118
19 2 24 3
39 238 49 238
20 108 31 108
78 201 89 201
40 232 51 232
127 22 138 22
177 151 186 151
133 24 144 24
123 29 134 29
120 52 131 52
2 132 13 132
60 241 71 241
161 246 172 246
188 146 193 147
182 86 193 86
57 15 68 15
45 227 50 228
0 239 8 239
95 15 106 15
119 137 130 137
193 223 195 226
86 139 97 139
18 211 29 211
87 74 98 74
177 164 188 164
55 134 66 134
173 229 178 230
123 213 134 213
127 111 132 112
17 183 28 183
68 5 79 5
78 24 89 24
129 247 140 247
41 240 50 240
151 180 162 180
72 226 83 226
1 154 6 155
91 228 102 228
36 208 47 208
124 18 129 19
2 165 7 166
63 26 74 26
148 74 159 74
155 237 166 237
79 93 90 93
188 178 199 178
6 57 17 57
79 187 84 188
20 28 31 28
145 142 147 145
115 10 126 10
113 243 124 243
113 104 124 104
154 203 165 203
139 7 150 7
40 126 51 126
57 222 68 222
22 114 33 114
62 38 73 38
149 145 160 145
67 111 78 111
7 144 18 144
4 212 7 214
121 31 132 31
166 190 177 190
87 186 98 186
189 184 199 184
45 131 56 131
157 126 168 126
161 38 172 38
55 132 60 133
39 159 50 159
56 64 67 64
159 190 164 191
119 140 122 142
187 121 198 121
2 119 13 119
134 66 145 66
158 130 160 132
131 130 142 130
56 140 67 140
157 117 168 117
178 1 189 1
111 207 116 208
122 102 127 103
169 19 180 19
165 170 176 170
25 55 36 55
104 72 115 72
113 44 123 44
115 149 126 149
88 131 99 131
24 137 35 137
38 101 49 101
19 88 30 88
189 164 192 166
77 19 88 19
144 85 147 87
73 195 84 195
113 174 124 174
10 92 21 92
112 159 123 159
113 175 124 175
135 152 146 152
41 39 52 39
34 33 45 33
99 201 110 201
85 177 96 177
186 158 197 158
164 3 175 3
73 218 84 218
23 168 26 170
66 83 69 84
29 67 40 67
92 197 103 197
122 40 133 40
71 159 82 159
99 146 110 146
48 73 59 73
14 25 23 25
7 216 18 216
118 126 129 126
197 170 199 173
13 148 18 149
52 181 63 181
7 53 18 53
69 12 80 12
10 121 21 121
88 12 99 12
99 203 110 203
180 202 185 203
25 66 35 66
92 72 103 72
60 189 71 189
163 92 174 92
1 101 12 101
142 77 153 77
90 159 94 160
82 118 93 118
173 37 178 38
196 225 199 226
151 112 162 112
114 100 122 100
105 113 110 114
86 109 97 109
117 134 122 135
22 151 33 151
170 123 175 124
52 108 63 108
69 225 80 225
65 157 76 157
131 137 142 137
13 42 24 42
24 104 35 104
17 44 28 44
101 134 112 134
14 140 25 140
152 249 163 249
168 71 169 76
119 161 130 161
23 221 34 221
48 248 59 248
17 81 28 81
139 14 150 14
176 192 187 192
151 86 162 86
121 123 132 123
76 38 87 38
113 183 124 183
165 88 176 88
90 213 101 213
43 64 54 64
182 124 193 124
58 159 69 159
68 80 79 80
53 102 64 102
70 175 81 175
128 148 139 148
188 130 199 130
45 229 50 230
45 141 56 141
60 216 71 216
7 169 18 169
136 121 147 121
2 72 13 72
21 210 32 210
171 74 182 74
131 248 136 249
8 201 11 203
154 76 165 76
10 114 21 114
111 29 122 29
44 214 54 214
133 64 144 64
67 77 78 77
154 231 165 231
161 205 172 205
89 150 100 150
157 118 168 118
53 150 58 151
144 146 155 146
100 168 111 168
132 55 143 55
97 116 108 116
106 75 117 75
40 16 51 16
48 29 59 29
95 230 106 230
50 78 61 78
147 202 152 203
125 135 136 135
61 215 72 215
27 188 38 188
87 104 98 104
144 88 155 88
182 48 193 48
29 157 40 157
8 74 11 76
176 240 179 242
106 44 111 45
123 51 134 51
7 168 18 168
159 192 170 192
88 47 99 47
63 233 74 233
107 24 118 24
157 215 168 215
88 162 93 163
35 70 46 70
100 68 111 68
12 232 23 232
134 26 145 26
187 40 198 40
3 31 8 32
13 197 24 197
20 33 31 33
163 242 174 242
16 161 27 161
173 220 184 220
0 141 5 142
161 204 172 204
185 214 196 214
177 184 188 184
19 163 27 163
73 55 84 55
101 7 112 7
10 210 13 212
136 170 141 171
172 15 183 15
51 229 62 229
26 71 37 71
41 77 52 77
30 235 31 240
132 197 143 197
28 232 39 232
42 17 53 17
80 161 91 161
39 224 50 224
12 203 23 203
105 191 116 191
101 13 106 14
145 83 156 83
99 241 110 241
132 172 143 172
97 165 108 165
35 57 38 59
32 139 43 139
147 75 152 76
40 102 51 102
68 185 73 186
79 214 84 215
90 136 101 136
159 7 164 8
137 52 148 52
135 160 146 160
142 22 153 22
54 204 64 204
31 144 42 144
24 115 32 115
172 216 183 216
193 248 198 249
104 27 115 27
62 206 73 206
186 15 197 15
139 233 150 233
81 136 89 136
74 192 85 192
30 4 33 6
111 83 122 83
152 16 163 16
198 155 199 160
79 101 90 101
170 212 175 213
12 196 23 196
79 76 90 76
61 112 72 112
25 126 36 126
21 58 32 58
188 60 199 60
151 149 156 150
156 213 167 213
110 34 121 34
25 241 36 241
3 190 8 191
170 39 180 39
114 162 125 162
122 30 133 30
192 22 197 23
63 31 74 31
15 166 26 166
147 133 158 133
13 17 24 17
126 104 137 104
183 40 185 43
7 0 18 0
26 135 37 135
153 166 164 166
98 19 101 21
127 191 138 191
13 160 24 160
82 6 93 6
166 183 177 183
49 96 60 96
8 247 19 247
122 203 133 203
43 211 54 211
84 175 95 175
58 175 69 175
186 85 197 85
135 82 140 83
77 152 88 152
65 129 76 129
112 168 123 168
80 7 91 7
106 133 117 133
96 242 99 244
75 47 86 47
85 165 96 165
51 57 62 57
93 161 104 161
128 166 139 166
5 113 16 113
183 132 194 132
69 87 80 87
30 8 41 8
152 70 163 70
35 30 46 30
37 154 48 154
180 218 185 219
40 124 51 124
17 36 28 36
76 223 87 223
183 176 194 176
144 15 155 15
160 50 171 50
85 200 96 200
29 220 40 220
32 179 37 180
48 168 59 168
2 179 13 179
112 62 117 63
70 131 79 131
1 126 6 127
80 224 91 224
122 66 133 66
87 221 98 221
8 146 11 148
66 85 77 85
91 90 102 90
135 198 146 198
51 125 62 125
185 174 196 174
180 196 191 196
90 37 101 37
2 48 5 50
130 5 141 5
128 25 133 26
153 139 158 140
155 63 166 63
38 71 49 71
171 226 182 226
118 60 128 60
89 80 94 81
61 61 72 61
57 85 62 86
124 38 135 38
18 131 20 134
1 221 12 221
133 10 136 12
87 30 90 32
138 43 149 43
79 64 79 71
166 0 177 0
164 72 167 74
115 115 124 115
100 34 109 34
82 35 93 35
112 238 123 238
115 214 126 214
173 122 184 122
85 97 96 97
45 222 56 222
27 145 38 145
172 66 177 67
188 66 199 66
175 97 186 97
152 198 163 198
110 58 121 58
74 162 85 162
53 142 64 142
37 54 48 54
93 247 104 247
163 169 174 169
61 245 72 245
76 75 87 75
11 96 22 96
62 77 65 79
130 98 141 98
40 138 51 138
110 1 121 1
187 210 198 210
39 192 50 192
125 115 136 115
37 176 48 176
17 223 22 224
179 4 190 4
168 12 179 12
66 40 77 40
123 20 134 20
0 126 0 137
176 110 187 110
118 98 129 98
145 169 156 169
112 225 123 225
85 179 96 179
33 122 44 122
111 203 116 204
101 163 112 163
15 180 25 180
184 175 195 175
39 174 44 175
110 215 115 216
93 121 98 122
106 140 117 140
157 150 168 150
138 65 149 65
137 42 148 42
106 218 117 218
2 37 13 37
75 86 86 86
40 21 51 21
126 192 137 192
38 55 49 55
166 22 177 22
115 80 126 80
143 214 154 214
175 169 186 169
13 66 24 66
190 98 194 99
24 218 35 218
149 26 160 26
160 138 163 140
56 87 57 91
83 8 94 8
169 227 180 227
149 142 154 143
155 245 166 245
133 111 136 113
66 93 77 93
80 3 91 3
106 97 117 97
196 61 199 63
83 220 94 220
52 129 63 129
19 216 30 216
180 12 191 12
98 158 109 158
25 1 36 1
50 213 61 213
36 205 41 206
62 113 67 114
169 77 180 77
155 94 166 94
126 85 137 85
37 113 48 113
157 4 168 4
112 120 123 120
150 201 161 201
136 189 147 189
94 142 105 142
114 151 123 151
109 237 120 237
107 142 118 142
81 199 92 199
99 156 110 156
19 192 24 193
109 25 119 25
185 82 196 82
126 197 131 198
120 190 125 191
80 80 85 81
71 64 73 67
39 59 50 59
10 52 21 52
58 235 69 235
112 240 123 240
72 238 83 238
125 217 136 217
72 146 83 146
123 74 134 74
126 239 137 239
145 32 147 35
98 38 109 38
48 79 59 79
92 155 103 155
1 133 12 133
40 239 51 239
132 9 143 9
1 208 12 208
138 11 149 11
177 201 186 201
167 10 178 10
150 153 161 153
72 227 83 227
160 165 171 165
170 52 181 52
58 20 69 20
170 71 181 71
133 211 142 211
137 10 148 10
51 218 62 218
29 129 40 129
181 248 192 248
145 172 156 172
195 233 197 236
85 102 90 103
117 216 128 216
6 73 7 78
166 138 177 138
61 70 72 70
10 93 21 93
50 128 61 128
78 83 89 83
4 146 7 148
158 29 169 29
2 150 13 150
21 209 32 209
41 87 52 87
41 162 52 162
176 123 181 124
116 148 127 148
108 231 119 231
187 80 192 81
130 120 133 122
51 164 62 164
186 233 191 234
3 94 14 94
182 56 193 56
39 180 50 180
9 136 20 136
178 102 189 102
75 116 86 116
177 94 182 95
139 33 144 34
195 135 198 137
78 22 89 22
41 212 52 212
145 47 156 47
67 0 78 0
34 171 43 171
36 98 39 100
174 21 185 21
133 89 144 89
38 84 49 84
137 4 148 4
157 82 168 82
42 66 53 66
93 185 104 185
158 68 169 68
194 80 199 81
58 72 69 72
181 193 192 193
153 174 164 174
106 76 117 76
178 29 189 29
97 152 108 152
104 123 109 124
159 67 170 67
167 152 169 155
132 116 143 116
182 119 193 119
111 114 122 114
36 73 47 73
49 113 60 113
64 151 75 151
49 97 60 97
154 188 165 188
188 78 193 79
106 196 117 196
127 134 138 134
153 57 164 57
173 171 178 172
170 153 171 156
151 176 162 176
86 133 97 133
15 102 26 102
61 59 66 60
135 226 145 226
74 88 84 88
178 239 189 239
56 14 67 14
116 64 127 64
61 46 64 47
149 228 160 228
54 81 57 83
133 232 135 235
120 3 131 3
108 166 113 167
148 87 159 87
75 96 86 96
185 140 190 141
13 32 18 33
63 221 74 221
76 49 79 51
23 125 34 125
7 87 18 87
132 118 143 118
37 65 48 65
107 202 118 202
49 119 60 119
186 145 197 145
150 92 161 92
104 41 115 41
65 148 75 148
125 32 136 32
144 241 147 243
152 195 157 196
163 90 174 90
115 116 126 116
178 190 189 190
134 214 139 215
91 215 102 215
0 197 11 197
188 43 199 43
128 214 133 215
96 67 107 67
92 41 103 41
92 146 97 147
182 120 193 120
88 173 99 173
171 179 179 179
33 222 44 222
51 154 56 155
166 139 171 140
102 235 113 235
172 129 183 129
125 240 136 240
20 76 31 76
72 1 83 1
34 114 45 114
61 214 72 214
1 40 12 40
37 82 48 82
97 240 108 240
121 108 126 109
150 78 161 78
87 29 98 29
120 106 131 106
37 164 48 164
70 182 73 184
13 26 24 26
131 45 142 45
50 101 61 101
63 104 68 105
1 177 10 177
124 196 135 196
150 151 160 151
0 69 11 69
56 66 57 71
133 167 144 167
48 242 53 243
10 70 21 70
144 19 155 19
81 126 84 128
88 106 99 106
105 185 116 185
165 128 168 130
105 85 110 86
139 18 142 20
146 134 157 134
92 195 102 195
128 187 139 187
162 240 173 240
42 105 47 106
143 244 145 247
195 95 196 100
79 21 90 21
81 58 90 58
2 220 12 220
109 35 120 35
178 108 182 109
112 65 123 65
80 110 91 110
123 4 134 4
135 164 146 164
145 92 148 94
150 36 161 36
109 13 120 13
13 103 24 103
104 30 107 32
91 62 102 62
158 13 169 13
157 148 168 148
141 27 152 27
124 65 135 65
174 115 184 115
93 137 104 137
171 69 182 69
88 235 99 235
64 227 69 228
17 113 28 113
15 119 26 119
161 229 172 229
75 23 86 23
36 90 41 91
25 152 36 152
66 39 77 39
147 164 158 164
120 129 125 130
31 174 36 175
138 87 143 88
163 235 174 235
41 201 52 201
172 155 177 156
140 74 145 75
40 147 51 147
127 243 138 243
0 1 11 1
121 180 132 180
53 58 64 58
77 8 82 9
41 67 52 67
78 20 89 20
81 137 92 137
12 115 23 115
91 31 102 31
64 194 69 195
68 59 73 60
105 197 116 197
38 4 43 5
188 112 199 112
105 132 116 132
154 124 165 124
179 0 190 0
169 238 180 238
190 131 199 131
147 160 158 160
30 130 41 130
129 173 132 175
194 78 199 79
105 47 110 48
175 174 178 176
183 126 194 126
187 58 192 59
156 19 167 19
186 186 197 186
96 169 107 169
38 170 49 170
26 3 37 3
188 83 199 83
143 153 148 154
97 192 108 192
144 204 149 205
4 28 7 30
86 1 91 2
17 49 22 50
147 49 158 49
134 73 145 73
158 27 163 28
104 236 115 236
170 31 181 31
47 30 58 30
162 18 173 18
5 173 10 174
105 137 116 137
16 101 27 101
139 109 150 109
128 136 139 136
151 7 153 10
149 122 151 125
103 234 114 234
65 203 76 203
127 145 138 145
29 119 40 119
98 107 109 107
95 231 106 231
61 65 66 66
78 249 89 249
20 139 31 139
97 225 108 225
148 119 151 121
185 87 196 87
40 98 51 98
185 25 196 25
38 45 49 45
114 186 125 186
78 168 89 168
71 145 82 145
167 135 178 135
28 140 39 140
20 40 25 41
182 236 193 236
25 192 36 192
0 232 11 232
79 193 84 194
125 209 136 209
108 171 119 171
119 206 130 206
146 132 157 132
47 246 52 247
162 186 173 186
160 172 171 172
32 237 37 238
81 121 92 121
123 82 134 82
79 247 90 247
1 156 12 156
84 25 89 26
91 83 96 84
2 2 13 2
12 153 23 153
65 102 76 102
101 183 112 183
9 171 20 171
17 110 28 110
185 118 196 118
160 210 170 210
1 14 12 14
98 177 109 177
145 82 156 82
24 242 35 242
110 82 121 82
144 96 155 96
71 4 82 4
87 246 98 246
29 39 40 39
103 194 108 195
83 9 94 9
5 224 16 224
53 25 64 25
26 41 37 41
150 235 161 235
157 52 162 53
133 159 144 159
44 171 49 172
172 221 183 221
16 162 27 162
122 1 133 1
5 242 16 242
50 104 61 104
4 183 15 183
125 120 128 122
189 41 193 42
40 52 51 52
7 56 18 56
164 48 168 49
149 154 160 154
106 89 111 90
87 134 98 134
60 54 64 55
24 96 35 96
4 64 9 65
21 9 32 9
46 144 51 145
42 178 53 178
0 241 11 241
38 125 49 125
39 225 42 227
158 24 163 25
73 246 84 246
197 240 198 245
68 14 79 14
63 176 74 176
145 229 156 229
154 129 157 131
85 94 90 95
50 153 61 153
122 2 133 2
36 6 47 6
81 30 86 31
31 50 36 51
29 10 40 10
193 212 198 213
157 83 168 83
30 112 35 113
3 187 8 188
104 46 115 46
127 0 138 0
66 78 77 78
77 140 88 140
87 13 98 13
35 105 40 106
187 242 196 242
96 167 107 167
40 74 45 75
161 171 172 171
131 46 142 46
131 33 136 34
85 53 96 53
76 239 87 239
126 156 137 156
44 5 55 5
119 131 124 132
82 236 87 237
37 104 48 104
144 126 155 126
1 53 4 55
127 105 138 105
38 237 49 237
74 115 85 115
138 36 149 36
148 161 159 161
119 205 130 205
78 167 89 167
88 96 99 96
120 223 131 223
134 31 145 31
175 81 186 81
128 149 139 149
61 190 72 190
14 230 25 230
94 76 105 76
178 132 181 134
192 3 197 4
75 243 86 243
110 210 121 210
195 193 198 195
63 128 74 128
185 117 196 117
39 93 50 93
124 96 135 96
64 56 75 56
119 101 128 101
170 48 181 48
165 218 176 218
169 4 178 4
161 121 172 121
148 188 153 189
126 146 137 146
53 183 55 186
9 138 20 138
108 108 119 108
163 42 174 42
146 58 157 58
22 234 33 234
127 183 138 183
87 181 98 181
48 62 59 62
174 65 185 65
90 18 101 18
37 249 48 249
95 162 100 163
2 71 13 71
87 84 90 86
112 56 117 57
7 162 15 162
124 16 129 17
181 58 186 59
14 200 25 200
193 32 198 33
172 232 183 232
138 8 149 8
100 174 111 174
25 72 30 73
173 13 178 14
182 194 186 195
42 233 47 234
63 177 74 177
175 54 186 54
60 150 71 150
44 99 55 99
156 206 157 211
84 203 87 204
75 119 86 119
31 47 42 47
70 8 75 9
40 193 51 193
72 109 83 109
77 153 88 153
79 57 90 57
113 223 118 224
141 0 150 0
114 182 125 182
74 143 85 143
17 217 28 217
12 74 15 76
62 212 73 212
82 111 93 111
151 79 161 79
172 5 175 7
17 89 28 89
2 73 5 75
182 46 193 46
128 201 133 202
94 111 105 111
156 177 167 177
181 91 191 91
109 8 120 8
25 22 28 24
26 200 37 200
64 19 75 19
20 218 22 221
183 9 188 10
86 123 96 123
176 243 178 246
24 10 26 13
171 111 176 112
17 95 28 95
44 72 55 72
127 181 132 182
62 184 67 185
124 44 129 45
46 109 57 109
112 38 123 38
5 243 16 243
58 223 69 223
163 132 174 132
160 31 165 32
54 163 65 163
145 46 156 46
0 11 10 11
101 84 104 86
131 76 136 77
96 102 107 102
64 24 75 24
71 81 76 82
26 124 37 124
108 30 119 30
113 113 124 113
169 143 172 145
63 153 74 153
61 97 72 97
27 123 38 123
117 125 128 125
145 40 156 40
157 146 162 147
52 223 57 224
20 62 31 62
39 231 50 231
25 203 36 203
134 168 145 168
14 229 25 229
64 7 75 7
106 217 117 217
166 191 177 191
188 154 199 154
88 230 93 231
127 193 131 194
159 58 164 59
157 220 168 220
168 100 179 100
1 5 12 5
149 156 160 156
14 150 25 150
172 73 183 73
18 112 29 112
0 46 11 46
51 24 62 24
37 152 42 153
41 204 52 204
179 111 184 112
80 241 91 241
35 248 46 248
90 229 101 229
57 196 68 196
52 169 63 169
73 20 76 22
195 41 199 42
88 237 99 237
113 181 124 181
12 158 23 158
0 235 2 238
55 0 66 0
175 247 180 248
72 95 83 95
65 179 70 180
28 224 33 225
138 192 149 192
121 39 132 39
137 102 148 102
125 78 136 78
191 16 196 17
85 65 87 68
36 26 47 26
8 194 11 196
155 155 166 155
139 123 144 124
165 109 170 110
150 115 161 115
94 199 105 199
45 43 56 43
55 46 60 47
122 210 131 210
52 145 63 145
143 23 154 23
157 91 168 91
2 59 13 59
167 20 172 21
142 227 147 228
133 58 144 58
133 123 136 125
90 38 95 39
178 191 189 191
138 84 141 86
180 75 191 75
114 188 125 188
101 71 112 71
151 0 162 0
156 194 167 194
30 24 41 24
137 114 142 115
56 99 66 99
66 46 71 47
14 72 19 73
178 103 189 103
60 160 65 161
170 159 181 159
56 186 67 186
76 228 81 229
4 247 7 249
84 226 95 226
194 110 199 111
88 236 99 236
59 193 70 193
49 105 60 105
117 145 122 146
173 222 184 222
26 17 37 17
76 248 87 248
14 71 25 71
16 205 27 205
102 188 113 188
111 59 122 59
125 86 136 86
172 106 174 108
133 13 138 14
73 97 84 97
90 140 101 140
147 59 158 59
25 143 30 144
158 109 163 110
1 201 3 204
51 7 62 7
24 155 35 155
144 41 155 41
41 95 51 95
61 119 72 119
151 177 154 179
127 147 138 147
94 180 105 180
39 148 50 148
70 72 78 72
81 49 92 49
168 203 179 203
146 245 149 247
81 176 92 176
4 83 15 83
177 199 182 200
43 47 54 47
125 132 136 132
107 28 118 28
36 244 47 244
0 62 3 64
37 108 48 108
171 149 173 152
187 71 198 71
47 217 58 217
112 0 123 0
149 227 160 227
174 130 185 130
18 85 27 85
160 66 171 66
118 208 129 208
5 62 10 63
76 217 87 217
168 59 179 59
86 143 97 143
65 205 76 205
109 32 120 32
169 114 179 114
96 42 101 43
123 179 134 179
92 14 100 14
169 46 180 46
107 198 118 198
87 182 98 182
89 144 100 144
48 121 53 122
123 165 134 165
169 49 180 49
98 204 109 204
101 130 104 132
49 65 60 65
42 186 47 187
192 0 195 2
36 242 47 242
198 14 199 19
182 5 187 6
161 14 172 14
62 96 73 96
171 40 182 40
189 227 191 230
61 107 71 107
174 55 185 55
131 17 134 19
105 87 116 87
139 142 144 143
78 122 89 122
29 44 40 44
33 132 38 133
164 146 175 146
152 121 153 124
149 38 160 38
29 12 40 12
107 131 118 131
29 142 38 142
116 244 127 244
101 143 112 143
120 230 131 230
51 117 62 117
135 59 146 59
188 116 199 116
69 191 73 192
121 235 132 235
88 128 99 128
195 196 196 201
150 68 155 69
58 201 69 201
91 209 102 209
28 160 39 160
77 89 88 89
140 249 151 249
13 30 18 31
190 243 192 246
57 12 68 12
30 167 41 167
24 154 35 154
152 1 157 2
53 232 64 232
74 92 85 92
79 138 84 139
15 165 26 165
173 217 184 217
18 47 29 47
173 101 180 101
10 51 21 51
102 100 113 100
91 48 102 48
79 84 84 85
20 43 31 43
61 45 71 45
24 243 35 243
99 179 110 179
125 157 136 157
158 195 169 195
71 10 82 10
151 200 162 200
133 6 144 6
153 51 155 54
75 32 80 33
54 242 59 243
166 123 169 125
63 217 74 217
174 149 179 150
0 145 3 147
20 72 23 74
59 139 69 139
12 151 21 151
162 153 166 154
98 175 109 175
188 113 193 114
1 152 6 153
185 170 196 170
154 64 165 64
192 237 199 237
40 116 45 117
23 215 34 215
115 234 120 235
114 167 125 167
173 205 184 205
150 43 161 43
72 54 83 54
167 25 178 25
136 69 147 69
87 116 95 116
28 84 31 86
20 109 31 109
43 149 54 149
187 194 192 195
15 38 26 38
158 149 169 149
58 41 63 42
107 95 112 96
93 56 95 59
115 71 126 71
168 58 179 58
193 215 198 216
187 151 198 151
160 206 165 207
110 220 115 221
5 110 16 110
118 96 123 97
54 40 65 40
41 156 50 156
33 143 44 143
49 249 60 249
110 53 121 53
3 4 14 4
117 185 128 185
7 126 8 131
155 243 160 244
13 194 24 194
27 15 38 15
68 199 79 199
174 80 185 80
144 107 155 107
42 76 53 76
192 127 195 129
24 25 35 25
174 181 185 181
168 166 179 166
5 54 16 54
67 48 72 49
42 173 53 173
147 225 158 225
163 43 174 43
67 99 78 99
137 110 140 112
64 229 75 229
44 160 48 161
15 8 26 8
27 223 38 223
178 187 189 187
7 246 18 246
82 230 87 231
171 162 182 162
92 89 103 89
15 4 26 4
23 141 28 142
142 184 152 184
127 218 136 218
181 163 192 163
12 13 23 13
183 224 185 227
184 125 195 125
43 0 54 0
32 2 43 2
16 84 27 84
79 222 90 222
12 147 23 147
76 15 80 16
144 208 155 208
68 144 79 144
91 194 102 194
97 39 108 39
77 151 88 151
178 131 189 131
37 207 48 207
77 90 88 90
58 225 68 225
104 37 115 37
80 125 91 125
0 151 11 151
55 100 66 100
66 28 77 28
181 182 186 183
10 204 15 205
60 23 71 23
17 129 22 130
40 235 51 235
151 191 156 192
52 126 63 126
38 3 49 3
127 246 138 246
38 103 49 103
11 181 22 181
183 88 194 88
66 76 77 76
95 205 102 205
153 202 164 202
183 94 188 95
24 231 35 231
50 116 61 116
26 40 37 40
87 138 98 138
62 191 67 192
0 21 10 21
121 72 126 73
116 67 127 67
164 199 167 201
55 149 66 149
25 65 36 65
75 220 80 221
70 139 75 140
168 180 179 180
141 16 151 16
76 18 87 18
65 3 70 4
52 238 63 238
0 3 11 3
75 74 86 74
30 81 35 82
124 151 135 151
102 91 107 92
19 178 30 178
112 123 115 125
72 174 83 174
82 15 87 16
104 242 109 243
151 233 156 234
3 238 14 238
69 236 80 236
80 14 91 14
163 93 174 93
149 186 154 187
29 247 40 247
7 111 18 111
174 11 184 11
194 58 199 59
56 184 61 185
115 136 125 136
129 58 130 63
91 19 96 20
127 219 132 220
10 188 21 188
4 114 9 115
169 91 180 91
80 131 85 132
32 43 43 43
132 63 143 63
0 56 5 57
145 63 150 64
169 220 171 222
2 106 13 106
98 147 109 147
145 123 148 125
126 172 128 175
159 160 170 160
2 60 13 60
90 100 101 100
168 237 179 237
80 242 91 242
43 19 48 20
156 69 167 69
84 36 95 36
93 141 104 141
95 77 106 77
89 148 94 149
141 54 152 54
119 56 122 57
158 72 163 73
74 42 81 42
180 153 191 153
132 3 143 3
116 215 127 215
12 225 23 225
42 23 47 24
32 201 37 202
134 61 139 62
161 37 172 37
103 98 114 98
197 94 198 99
188 67 199 67
29 95 40 95
149 176 150 180
129 185 140 185
182 39 193 39
39 177 50 177
168 223 171 225
27 116 38 116
165 134 176 134
1 149 12 149
133 181 144 181
149 144 160 144
139 155 142 157
96 1 107 1
122 107 132 107
9 187 20 187
66 163 75 163
2 81 3 85
180 32 191 32
38 85 49 85
85 214 90 215
40 223 51 223
0 100 11 100
32 229 43 229
167 64 178 64
83 42 94 42
12 11 23 11
55 225 57 228
57 18 62 19
124 95 135 95
137 93 139 96
75 44 80 45
93 113 98 114
159 5 164 6
67 135 69 138
111 209 122 209
197 9 199 12
32 83 43 83
177 42 180 44
43 44 54 44
179 212 190 212
182 105 193 105
115 200 126 200
88 187 89 192
109 226 120 226
19 141 21 144
171 215 182 215
168 35 179 35
6 141 17 141
12 195 23 195
53 1 58 2
32 72 43 72
137 126 142 127
141 175 146 176
111 47 122 47
140 92 143 94
171 41 182 41
177 87 182 88
118 139 129 139
33 75 38 76
144 55 155 55
90 234 101 234
127 155 138 155
63 220 74 220
191 238 196 239
81 105 92 105
17 167 28 167
20 189 25 190
48 23 59 23
28 163 39 163
166 231 171 232
185 205 196 205
7 9 18 9
106 186 111 187
52 179 63 179
103 207 105 210
160 230 171 230
158 134 160 137
39 142 50 142
124 43 135 43
164 44 175 44
168 104 179 104
29 158 40 158
36 112 47 112
192 229 197 230
114 7 125 7
2 227 7 228
14 164 24 164
32 161 43 161
109 115 114 116
123 57 126 59
40 188 51 188
118 127 123 128
107 55 118 55
180 100 191 100
74 123 85 123
97 24 100 26
12 201 17 202
179 84 184 85
125 87 136 87
150 204 155 205
113 143 120 143
184 109 195 109
31 178 41 178
106 219 109 221
79 156 90 156
113 105 124 105
21 148 32 148
144 210 155 210
63 75 74 75
164 87 175 87
80 144 88 144
39 51 50 51
65 237 68 239
52 230 63 230
144 115 147 117
134 201 137 203
96 8 107 8
136 37 147 37
111 241 122 241
80 72 91 72
54 39 65 39
38 150 49 150
48 244 59 244
96 171 107 171
121 195 123 198
8 139 19 139
93 176 104 176
84 189 87 191
181 38 192 38
39 194 50 194
132 210 143 210
107 106 118 106
92 223 97 224
2 210 7 211
7 142 18 142
8 78 11 80
166 36 177 36
170 117 181 117
154 232 165 232
17 242 22 243
148 60 159 60
168 119 179 119
32 84 37 85
138 221 140 224
188 21 199 21
144 218 155 218
97 184 108 184
0 51 5 52
14 209 17 211
77 210 88 210
62 174 71 174
148 128 159 128
78 190 83 191
149 141 160 141
0 27 2 30
162 248 173 248
5 81 10 82
103 229 114 229
182 63 193 63
195 68 198 70
146 217 157 217
127 200 138 200
70 11 79 11
143 211 154 211
0 103 11 103
45 120 56 120
103 42 114 42
2 209 13 209
35 199 46 199
120 21 130 21
19 168 22 170
24 214 35 214
138 217 143 218
84 212 95 212
148 116 153 117
0 94 2 97
6 55 17 55
186 207 197 207
0 33 11 33
146 97 151 98
150 246 159 246
4 235 15 235
53 188 56 190
190 219 195 220
99 113 102 115
140 12 151 12
132 169 143 169
76 106 87 106
3 181 8 182
42 129 44 131
184 61 195 61
142 95 153 95
0 8 11 8
91 191 94 193
26 150 37 150
99 65 110 65
114 155 125 155
52 180 63 180
114 147 125 147
70 222 75 223
179 135 180 139
37 78 48 78
184 62 195 62
194 179 199 180
175 90 186 90
7 16 18 16
173 165 184 165
110 147 113 149
74 60 74 71
100 186 105 187
159 226 170 226
178 36 189 36
138 1 149 1
136 108 147 108
163 227 168 228
191 217 196 218
154 65 159 66
186 84 197 84
10 130 15 131
103 20 114 20
53 103 64 103
118 233 129 233
75 244 86 244
66 54 71 55
0 58 11 58
111 48 122 48
25 219 35 219
59 143 64 144
147 230 158 230
32 182 43 182
135 165 146 165
28 49 39 49
94 187 99 188
178 30 189 30
44 209 49 210
168 51 179 51
24 63 35 63
158 234 169 234
15 80 26 80
157 114 168 114
141 51 152 51
157 233 168 233
135 193 146 193
60 242 65 243
84 54 95 54
100 181 105 182
16 61 19 63
33 111 44 111
92 64 95 66
131 21 142 21
52 240 57 241
80 113 91 113
154 236 165 236
31 173 40 173
161 65 172 65
50 207 61 207
113 158 124 158
76 163 87 163
63 74 74 74
169 56 180 56
63 80 64 85
112 45 123 45
188 54 199 54
42 202 47 203
14 40 19 41
60 71 71 71
47 199 58 199
97 2 108 2
100 248 111 248
0 242 2 245
170 177 181 177
149 206 154 207
39 46 50 46
107 101 118 101
158 39 163 40
108 21 119 21
18 227 23 228
120 55 131 55
51 191 56 192
96 66 107 66
91 67 93 70
130 16 140 16
65 25 76 25
97 123 102 124
190 29 194 30
156 214 167 214
135 25 146 25
40 15 51 15
1 140 12 140
80 170 91 170
74 141 79 142
148 195 150 198
163 224 167 225
182 52 187 53
28 11 39 11
32 86 43 86
29 92 39 92
51 183 52 186
23 181 34 181
33 115 44 115
140 13 151 13
127 9 129 12
186 218 189 220
6 23 11 24
167 136 178 136
96 54 107 54
101 83 110 83
39 185 41 187
46 182 57 182
62 207 73 207
97 149 108 149
144 113 149 114
154 27 157 29
145 111 150 112
64 18 75 18
154 102 165 102
57 131 68 131
53 174 61 174
154 183 157 185
132 108 135 110
41 246 46 247
76 230 81 231
65 218 70 219
154 7 156 10
0 92 5 93
91 85 96 86
181 242 186 243
53 68 55 71
164 20 165 25
14 179 25 179
191 68 194 70
102 104 105 106
161 20 163 23
51 9 62 9
111 178 122 178
147 28 152 29
23 239 28 240
89 151 100 151
158 2 169 2
91 187 93 190
152 98 155 100
19 56 30 56
151 42 162 42
85 69 90 70
52 94 57 95
112 60 117 61
62 30 73 30
84 99 89 100
94 55 105 55
160 161 171 161
125 113 130 114
155 12 166 12
62 92 73 92
100 119 103 121
44 215 53 215
117 156 122 157
80 211 83 213
147 234 149 237
68 114 73 115
0 18 5 19
97 226 108 226
102 73 113 73
88 15 93 16
121 12 126 13
9 182 19 182
36 214 41 215
4 175 15 175
97 59 102 60
194 5 195 9
107 161 118 161
123 218 126 220
65 204 76 204
171 209 176 210
74 189 77 191
67 100 78 100
3 158 8 159
60 110 65 111
128 244 133 245
151 108 162 108
182 34 193 34
25 90 30 91
194 38 199 39
195 44 198 46
47 132 52 133
199 87 199 96
38 236 49 236
166 7 171 8
156 96 158 99
121 143 132 143
30 183 41 183
106 141 117 141
32 216 41 216
164 33 169 34
0 212 3 214
31 195 34 197
80 232 91 232
146 50 157 50
50 83 52 85
28 168 32 169
28 146 39 146
2 76 5 78
123 153 128 154
184 92 189 93
2 184 5 186
109 60 111 63
18 54 23 55
184 244 187 246
60 1 71 1
123 56 134 56
81 141 92 141
103 62 108 63
75 233 80 234
49 107 60 107
150 21 160 21
7 189 18 189
123 94 134 94
26 179 31 180
61 166 64 168
138 201 149 201
44 157 49 158
150 20 160 20
135 175 140 176
128 236 138 236
20 61 31 61
12 18 23 18
188 171 191 173
128 72 133 73
51 19 56 20
76 125 78 128
44 225 48 226
110 93 121 93
180 244 183 246
159 30 170 30
96 34 99 36
150 85 161 85
112 2 117 3
134 2 145 2
62 213 73 213
96 61 107 61
146 2 151 3
169 78 174 79
100 22 111 22
41 18 52 18
173 211 181 211
133 182 144 182
63 86 74 86
137 38 148 38
26 26 31 27
143 155 154 155
197 139 198 144
183 45 194 45
3 167 14 167
28 170 33 171
98 109 109 109
14 104 19 105
189 136 194 137
118 94 122 95
64 230 75 230
143 185 148 186
21 171 26 172
193 168 198 169
146 6 156 6
89 210 100 210
64 108 75 108
131 204 133 207
45 9 50 10
6 85 11 86
1 6 12 6
109 26 120 26
55 137 66 137
135 228 140 229
145 67 156 67
70 136 79 136
1 78 1 89
36 243 47 243
161 217 172 217
139 202 144 203
71 178 74 180
111 4 122 4
174 185 185 185
108 150 113 151
80 65 82 68
162 78 167 79
5 89 16 89
46 174 51 175
52 156 54 159
94 5 99 6
108 19 116 19
34 239 39 240
22 79 33 79
157 89 162 90
49 221 60 221
0 110 1 114
144 103 148 104
148 18 159 18
195 88 198 90
154 120 159 121
195 28 198 30
140 61 144 62
2 109 4 112
1 136 3 139
186 209 197 209
39 209 42 211
121 14 132 14
172 29 177 30
2 79 7 80
24 136 35 136
16 98 27 98
121 193 126 194
176 7 187 7
100 235 101 239
135 27 140 28
142 131 145 133
96 166 107 166
100 127 100 134
104 228 115 228
99 246 110 246
79 60 90 60
199 209 199 220
160 60 171 60
76 73 87 73
58 170 61 171
12 85 17 86
156 41 167 41
198 202 199 207
23 185 28 186
70 168 73 170
41 163 52 163
72 219 83 219
126 231 131 232
127 141 134 141
27 172 30 174
138 77 141 79
67 124 69 127
55 135 66 135
173 23 178 24
150 236 152 239
57 188 64 188
62 132 73 132
25 153 36 153
142 187 147 188
192 152 197 153
171 173 174 175
135 141 146 141
41 10 44 12
103 64 114 64
175 106 177 109
126 167 128 170
65 50 68 52
176 125 181 126
142 105 147 106
103 50 114 50
29 87 40 87
0 157 2 160
75 172 86 172
58 53 69 53
87 132 98 132
51 231 62 231
46 146 57 146
42 214 43 219
87 243 92 244
193 193 194 198
103 237 108 238
168 113 179 113
150 93 161 93
1 215 6 216
125 158 136 158
147 224 157 224
11 91 22 91
155 170 158 171
111 84 122 84
122 8 133 8
69 50 72 52
33 9 44 9
126 221 131 222
151 63 153 66
27 68 38 68
13 23 18 24
166 99 175 99
28 204 33 205
143 171 154 171
50 236 61 236
106 104 111 105
160 247 171 247
37 96 42 97
109 194 114 195
165 184 176 184
71 2 76 3
152 3 162 3
46 128 49 130
99 29 110 29
149 241 154 242
108 91 112 92
108 31 119 31
148 106 159 106
193 243 195 246
0 173 2 176
154 95 165 95
115 69 120 70
146 73 157 73
139 200 150 200
179 223 182 225
185 11 196 11
185 237 190 238
35 185 38 187
99 87 104 88
111 242 122 242
54 200 57 202
39 57 50 57
14 212 25 212
20 75 31 75
141 224 146 225
90 73 101 73
195 35 198 37
166 106 171 107
108 77 119 77
79 62 90 62
118 207 129 207
168 173 170 176
191 64 196 65
79 133 84 134
16 204 27 204
101 217 102 222
11 177 22 177
184 206 195 206
22 86 27 87
136 163 147 163
188 77 199 77
127 7 138 7
190 92 191 97
133 142 138 143
129 167 131 170
15 244 19 245
142 81 144 84
0 161 0 172
65 188 76 188
2 230 7 231
1 198 12 198
78 169 89 169
20 182 31 182
104 153 109 154
100 0 111 0
40 181 51 181
3 160 8 161
77 196 79 198
170 195 181 195
0 220 0 231
92 1 95 3
132 194 143 194
159 142 170 142
18 218 19 221
144 118 155 118
139 235 142 237
198 162 199 167
29 156 40 156
180 179 185 180
92 168 95 170
115 73 120 74
75 176 80 177
166 131 177 131
179 173 182 175
14 2 18 3
185 215 188 217
46 110 51 111
199 238 199 249
68 88 73 89
173 199 176 201
110 153 113 155
177 98 188 98
137 158 148 158
162 11 173 11
46 198 57 198
50 63 61 63
146 72 157 72
13 21 18 22
154 123 165 123
186 165 188 168
2 199 7 200
64 101 75 101
161 243 166 244
195 113 198 114
128 27 133 28
141 110 144 112
143 240 154 240
83 202 94 202
159 179 170 179
80 178 91 178
38 201 40 204
43 96 48 97
130 49 141 49
184 133 195 133
166 23 171 24
38 80 49 80
100 138 105 139
174 143 185 143
172 139 177 140
189 5 192 7
130 139 135 140
150 243 153 245
1 180 1 191
57 43 60 45
66 9 69 11
46 115 49 117
118 248 122 249
55 156 57 159
88 204 89 209
3 180 14 180
27 245 32 246
182 66 187 67
124 5 129 6
84 10 95 10
21 132 25 133
114 239 125 239
190 8 193 10
192 171 195 173
112 248 117 249
172 231 183 231
38 165 49 165
199 24 199 35
23 92 28 93
167 244 172 245
93 198 104 198
127 131 138 131
180 166 185 167
162 97 173 97
111 109 116 110
122 90 133 90
102 239 113 239
62 171 73 171
70 165 72 167
47 139 58 139
192 202 197 203
59 202 70 202
43 100 54 100
139 104 141 107
53 143 58 144
159 183 164 184
161 151 166 152
165 173 167 176
35 89 46 89
156 51 167 51
130 68 135 69
136 50 140 51
113 172 118 173
168 101 171 103
58 8 69 8
19 19 30 19
59 2 70 2
62 162 73 162
37 63 48 63
125 61 128 63
167 84 178 84
96 108 107 108
105 176 116 176
54 87 55 92
164 52 169 53
156 241 161 242
3 171 8 172
4 84 15 84
80 11 91 11
156 22 160 23
107 207 109 210
3 244 6 246
11 62 13 65
14 14 19 15
147 219 152 220
155 163 166 163
44 86 55 86
151 44 156 45
115 50 126 50
130 48 141 48
182 206 183 211
73 165 78 166
100 51 110 51
58 80 61 82
160 106 165 107
117 153 122 154
38 25 49 25
0 247 3 249
114 94 117 96
105 127 106 130
145 61 150 62
167 85 178 85
141 212 150 212
69 120 80 120
53 110 58 111
53 239 64 239
178 154 181 156
48 183 50 186
6 91 9 93
181 101 192 101
110 107 121 107
75 68 77 71
117 228 128 228
152 221 163 221
178 140 183 141
34 204 35 209
3 97 14 97
83 233 88 234
132 228 134 231
7 163 18 163
194 227 199 228
82 208 87 209
42 40 53 40
188 183 199 183
122 27 127 28
108 99 119 99
67 142 72 143
172 196 175 198
41 119 44 121
59 199 64 200
53 21 64 21
71 193 76 194
40 145 45 146
136 17 138 20
129 101 134 102
8 28 11 30
145 159 156 159
127 50 135 50
49 245 60 245
62 63 73 63
9 128 14 129
33 210 38 211
28 226 33 227
142 39 153 39
115 42 120 43
186 231 197 231
51 127 62 127
182 156 187 157
2 225 7 226
91 214 102 214
145 178 146 183
190 159 195 160
198 123 199 128
8 165 13 166
59 227 63 228
91 203 94 205
63 231 74 231
162 208 167 209
101 127 104 129
33 97 35 100
111 156 116 157
132 103 143 103
29 185 34 186
31 89 34 91
67 247 78 247
166 187 177 187
42 91 53 91
57 189 59 192
178 17 183 18
134 126 136 129
48 233 53 234
17 185 22 186
1 38 6 39
118 5 123 6
58 194 63 195
173 243 175 246
196 124 197 129
133 106 138 107
100 96 105 97
64 124 66 127
6 50 9 52
197 198 199 201
115 193 118 195
62 27 65 29
142 221 147 222
104 119 107 121
119 172 124 173
116 102 121 103
62 37 73 37
6 17 11 18
34 79 45 79
189 167 192 169
182 106 187 107
192 92 193 97
55 214 60 215
196 0 199 2
139 238 142 240
123 48 128 49
0 23 5 24
91 156 96 157
93 240 95 243
134 207 145 207
96 10 107 10
131 186 142 186
16 106 19 108
145 44 150 45
150 101 153 103
143 237 146 239
142 119 147 120
134 204 137 206
129 188 140 188
57 26 60 28
1 164 12 164
163 84 166 86
75 171 86 171
92 99 103 99
91 55 92 60
34 234 39 235
79 102 84 103
100 242 103 244
114 170 125 170
152 135 157 136
84 45 95 45
132 221 134 224
59 226 70 226
6 15 13 15
77 25 80 27
38 17 40 20
186 179 189 181
165 5 170 6
152 13 157 14
25 34 36 34
185 211 196 211
58 182 63 183
0 34 3 36
86 120 97 120
0 44 5 45
137 68 148 68
84 145 89 146
168 105 177 105
163 156 166 158
39 127 50 127
96 159 107 159
184 171 187 173
40 14 51 14
57 120 68 120
112 22 123 22
64 87 67 89
103 213 106 215
137 138 140 140
106 181 111 182
194 91 197 93
84 159 89 160
52 14 55 16
55 49 66 49
135 244 140 245
75 60 78 62
174 151 176 154
147 30 158 30
196 132 199 134
184 159 189 160
103 25 108 26
47 69 52 70
30 98 32 101
56 160 59 162
42 183 47 184
102 18 107 19
150 89 153 91
70 94 81 94
176 92 181 93
148 37 159 37
2 120 7 121
87 126 92 127
199 97 199 108
61 87 63 90
70 134 74 135
46 53 57 53
88 248 99 248
13 155 18 156
10 231 21 231
64 145 69 146
186 13 191 14
74 210 75 215
121 25 126 26
151 109 156 110
112 127 117 128
170 75 175 76
14 218 17 220
161 127 162 132
182 51 193 51
188 89 193 90
60 69 71 69
69 15 72 17
139 131 141 134
121 217 122 222
178 105 181 107
199 142 199 153
0 201 0 211
76 178 79 180
180 113 185 114
183 77 187 78
95 201 97 204
11 227 13 230
156 113 167 113
75 30 80 31
174 157 179 158
117 19 122 20
188 115 199 115
151 212 162 212
86 218 91 219
167 94 170 96
138 204 141 206
9 120 20 120
164 39 169 40
120 99 129 99
166 100 167 105
190 181 199 181
177 99 188 99
129 212 140 212
10 49 15 50
77 204 78 209
76 211 78 214
120 75 122 78
26 132 31 133
147 130 152 131
159 96 161 99
49 160 54 161
90 188 90 198
172 102 177 103
65 172 70 173
156 100 161 101
146 89 149 91
2 86 4 89
169 199 172 201
111 49 122 49
16 59 21 60
167 196 170 198
51 195 56 196
180 13 185 14
0 122 10 122
192 73 194 76
41 58 52 58
176 5 181 6
111 179 122 179
159 47 162 49
142 97 145 99
18 99 29 99
186 111 187 116
51 12 56 13
75 135 86 135
52 193 57 194
6 12 11 13
148 181 151 183
0 180 0 188
188 52 193 53
54 233 57 235
49 225 54 226
104 59 108 60
165 56 167 59
64 182 69 183
0 192 5 193
20 67 25 68
23 121 28 122
107 127 109 130
12 21 12 32
36 218 41 219
157 5 158 10
151 11 161 11
75 132 78 134
145 216 156 216
14 58 15 63
109 184 120 184
149 162 154 163
153 219 164 219
158 206 159 211
50 80 53 82
50 170 53 172
25 164 36 164
79 98 82 100
171 94 174 96
55 17 66 17
123 84 124 89
109 102 114 103
196 187 199 189
172 160 177 161
101 162 112 162
0 90 11 90
187 225 188 230
107 213 109 216
25 156 28 158
73 241 78 242
125 117 130 118
163 108 171 108
92 217 95 219
98 83 100 86
114 177 125 177
182 154 187 155
167 157 172 158
21 134 23 137
81 25 83 28
119 193 120 198
178 160 183 161
170 34 181 34
80 69 83 71
2 15 5 17
177 209 181 210
110 129 115 130
25 193 26 198
126 127 128 130
58 154 60 157
3 95 8 96
59 88 60 92
33 148 38 149
54 171 57 173
162 99 165 101
