3857
14 208 25 208
97 49 108 49
75 130 86 130
69 184 74 185
122 238 133 238
147 217 158 217
64 62 75 62
165 25 176 25
76 161 87 161
172 48 183 48
97 58 108 58
36 249 47 249
186 205 197 205
186 130 197 130
77 165 88 165
159 126 170 126
150 86 161 86
156 163 167 163
121 79 132 79
103 59 108 60
183 82 194 82
53 124 64 124
149 176 160 176
99 43 110 43
93 2 104 2
71 195 82 195
94 141 105 141
130 101 141 101
2 101 13 101
161 76 164 78
136 132 147 132
109 58 120 58
37 21 48 21
40 204 51 204
46 178 57 178
22 249 33 249
61 41 66 42
13 148 18 149
125 134 136 134
98 1 109 1
6 12 17 12
1 196 12 196
62 220 73 220
21 206 32 206
49 117 60 117
17 97 28 97
126 44 137 44
94 190 105 190
84 232 95 232
107 99 118 99
52 65 63 65
154 34 165 34
103 247 114 247
175 177 186 177
1 198 12 198
6 23 11 24
179 223 190 223
84 81 95 81
52 147 63 147
49 137 60 137
128 148 139 148
168 166 179 166
164 79 175 79
59 158 70 158
73 115 84 115
115 193 118 195
50 128 61 128
16 114 21 115
23 225 34 225
120 143 131 143
155 194 166 194
56 120 67 120
66 107 77 107
93 55 104 55
176 184 187 184
133 226 144 226
166 23 171 24
15 104 26 104
43 196 48 197
125 95 136 95
80 236 91 236
60 108 71 108
144 81 155 81
80 65 82 68
6 178 17 178
24 214 35 214
106 223 117 223
140 173 151 173
65 148 76 148
177 94 182 95
153 62 158 63
170 157 181 157
54 154 65 154
0 1 11 1
37 165 48 165
99 123 104 124
107 182 118 182
105 88 116 88
80 135 91 135
97 70 108 70
7 136 18 136
10 112 15 113
46 139 57 139
96 10 107 10
76 8 81 9
131 153 142 153
15 180 25 180
93 193 104 193
42 127 53 127
55 150 66 150
39 34 50 34
41 4 46 5
132 178 143 178
15 101 26 101
14 5 25 5
8 129 13 130
1 20 12 20
96 122 107 122
168 205 179 205
22 110 33 110
178 16 189 16
5 110 8 112
82 48 93 48
99 54 110 54
13 34 24 34
117 153 122 154
62 164 73 164
63 0 74 0
0 154 5 155
27 42 38 42
43 160 54 160
30 161 41 161
174 83 185 83
192 0 195 2
188 138 199 138
36 236 47 236
37 119 48 119
95 106 106 106
71 53 82 53
168 76 179 76
71 150 82 150
30 50 41 50
19 207 30 207
22 58 33 58
103 76 114 76
29 159 40 159
42 201 53 201
168 219 179 219
25 57 36 57
129 31 140 31
82 210 87 211
113 146 124 146
49 242 54 243
118 15 129 15
82 7 93 7
173 217 184 217
117 207 128 207
14 2 25 2
163 141 174 141
40 126 51 126
168 230 179 230
120 99 131 99
21 156 32 156
62 132 73 132
159 39 169 39
123 56 134 56
169 7 180 7
114 168 125 168
129 64 140 64
24 239 29 240
82 225 93 225
194 163 197 165
155 195 166 195
78 140 89 140
69 243 80 243
37 198 48 198
129 244 134 245
86 29 97 29
188 79 193 80
156 203 167 203
87 173 98 173
22 79 33 79
63 93 74 93
64 221 69 222
109 120 120 120
10 111 21 111
21 106 32 106
22 187 33 187
182 7 193 7
40 94 51 94
145 53 150 54
92 153 103 153
2 236 13 236
149 151 160 151
19 107 30 107
104 37 115 37
19 7 30 7
90 103 101 103
106 117 117 117
165 235 176 235
177 96 188 96
139 103 150 103
93 34 104 34
131 240 142 240
110 215 115 216
33 168 44 168
159 196 170 196
42 91 53 91
72 4 83 4
108 183 119 183
58 104 69 104
191 64 196 65
104 137 115 137
152 235 163 235
146 137 157 137
163 47 174 47
89 75 100 75
104 56 115 56
130 71 141 71
140 215 151 215
124 152 135 152
87 155 98 155
156 67 167 67
6 177 17 177
54 239 65 239
168 58 179 58
12 0 23 0
128 47 139 47
87 131 98 131
155 220 166 220
103 0 114 0
167 71 178 71
66 249 77 249
159 62 170 62
24 165 35 165
27 192 38 192
30 49 41 49
168 214 172 215
86 9 97 9
113 106 124 106
190 68 193 70
124 51 135 51
12 167 23 167
24 98 32 98
92 135 103 135
127 105 138 105
111 203 122 203
50 215 61 215
87 151 98 151
19 118 30 118
146 224 157 224
135 231 146 231
109 100 120 100
44 86 55 86
93 159 104 159
70 3 81 3
122 231 133 231
131 117 142 117
37 30 48 30
115 163 126 163
39 156 50 156
91 208 102 208
13 232 24 232
113 174 124 174
97 59 102 60
55 206 66 206
179 187 190 187
80 220 91 220
112 248 117 249
70 54 81 54
184 158 195 158
181 237 192 237
36 233 47 233
1 122 12 122
91 76 102 76
123 209 134 209
188 20 199 20
36 164 47 164
71 61 82 61
0 43 11 43
102 113 113 113
183 154 188 155
94 236 105 236
98 35 109 35
142 110 145 112
44 141 55 141
40 85 51 85
90 37 101 37
109 10 120 10
155 96 166 96
187 83 198 83
161 186 172 186
38 207 49 207
112 242 123 242
168 218 179 218
68 147 79 147
187 194 192 195
49 23 60 23
39 40 50 40
98 73 109 73
30 143 41 143
98 109 109 109
174 13 179 14
49 231 60 231
193 237 198 238
99 110 110 110
89 25 100 25
113 83 124 83
168 77 179 77
94 5 105 5
111 22 122 22
102 57 113 57
167 228 178 228
45 22 56 22
185 35 196 35
18 152 23 153
84 10 95 10
94 100 105 100
91 207 102 207
105 131 116 131
70 21 75 22
149 152 160 152
117 2 128 2
135 122 146 122
87 175 92 176
182 50 193 50
83 54 94 54
181 149 186 150
116 239 127 239
44 36 55 36
146 88 157 88
4 28 7 30
96 39 107 39
72 87 83 87
101 218 103 221
99 125 110 125
134 169 145 169
0 243 3 245
171 201 182 201
78 155 83 156
153 111 164 111
7 7 18 7
6 142 17 142
142 147 153 147
45 42 56 42
77 146 88 146
169 221 171 224
124 103 135 103
49 151 60 151
79 241 90 241
110 240 121 240
65 90 76 90
90 38 95 39
40 76 51 76
98 29 109 29
161 172 172 172
176 118 187 118
66 89 77 89
50 21 61 21
190 189 193 191
99 78 110 78
24 17 35 17
40 240 51 240
32 228 43 228
162 115 173 115
80 42 91 42
99 120 104 121
51 111 62 111
102 163 113 163
42 23 47 24
73 118 84 118
127 192 138 192
21 105 32 105
74 170 85 170
188 108 199 108
161 120 172 120
162 92 173 92
4 72 15 72
6 192 11 193
31 96 42 96
68 66 79 66
64 18 75 18
177 123 182 124
183 132 194 132
1 62 4 64
74 175 85 175
8 70 19 70
101 92 112 92
143 80 154 80
38 155 49 155
142 239 153 239
53 247 58 248
61 179 72 179
1 117 4 119
154 123 165 123
99 126 110 126
68 232 79 232
171 175 176 176
147 193 158 193
72 63 83 63
54 237 65 237
74 29 85 29
146 159 157 159
152 56 163 56
64 45 75 45
76 164 87 164
14 201 19 202
149 106 160 106
42 14 53 14
181 100 192 100
48 125 59 125
141 163 152 163
68 26 73 27
67 206 78 206
69 237 80 237
20 175 31 175
46 134 57 134
0 9 5 10
24 129 29 130
39 113 50 113
94 171 105 171
168 227 179 227
32 148 37 149
46 72 57 72
187 43 198 43
161 145 172 145
122 81 133 81
187 40 198 40
70 81 81 81
154 119 165 119
90 228 101 228
81 229 92 229
118 96 129 96
80 131 85 132
188 184 199 184
91 47 102 47
8 74 11 76
34 79 45 79
107 160 118 160
19 9 30 9
154 180 165 180
170 39 181 39
28 33 39 33
22 53 33 53
90 233 101 233
104 27 109 28
61 194 66 195
194 78 199 79
108 40 119 40
158 58 163 59
26 32 37 32
145 5 156 5
22 60 33 60
20 37 31 37
132 242 143 242
157 3 168 3
53 226 64 226
123 48 128 49
124 243 135 243
78 89 89 89
17 96 28 96
184 58 195 58
104 84 115 84
109 111 120 111
82 64 93 64
25 69 36 69
169 31 180 31
158 150 169 150
13 206 18 207
163 185 174 185
0 216 5 217
75 193 86 193
17 185 22 186
102 228 113 228
147 49 158 49
57 211 68 211
154 112 165 112
12 33 23 33
30 23 41 23
177 174 180 176
165 212 167 215
158 148 169 148
136 68 147 68
142 140 153 140
184 143 195 143
158 37 169 37
110 11 121 11
97 71 108 71
138 123 143 124
85 133 96 133
161 239 172 239
67 128 78 128
122 33 127 34
131 230 142 230
170 56 181 56
45 214 56 214
131 118 142 118
24 166 35 166
0 219 11 219
76 119 87 119
130 70 141 70
175 1 186 1
123 31 128 32
8 187 19 187
112 134 123 134
77 15 82 16
40 176 51 176
37 57 48 57
98 200 109 200
168 59 171 61
185 62 196 62
18 128 29 128
8 203 13 204
121 226 132 226
139 224 144 225
155 243 166 243
62 178 73 178
156 248 167 248
186 175 197 175
101 168 112 168
153 234 164 234
131 190 142 190
147 117 158 117
13 194 24 194
137 129 148 129
126 246 137 246
80 43 91 43
25 193 26 198
1 230 12 230
93 222 104 222
20 133 31 133
99 53 110 53
121 100 132 100
167 75 178 75
187 214 198 214
174 220 185 220
153 103 164 103
164 178 175 178
44 18 55 18
89 14 100 14
132 17 135 19
140 37 145 38
79 222 90 222
95 98 106 98
95 161 106 161
75 133 78 135
5 128 16 128
86 248 97 248
62 171 73 171
44 17 55 17
140 51 151 51
132 45 143 45
115 105 126 105
142 47 153 47
92 31 103 31
6 138 17 138
116 118 127 118
54 109 65 109
176 210 187 210
125 50 135 50
174 212 179 213
92 223 103 223
4 126 15 126
3 225 8 226
169 4 180 4
135 60 146 60
133 26 144 26
128 150 139 150
111 3 122 3
80 147 91 147
100 50 111 50
111 155 114 157
53 68 55 71
178 140 183 141
131 54 142 54
77 158 88 158
15 31 26 31
15 26 26 26
4 140 15 140
79 35 90 35
21 237 23 240
169 57 180 57
34 235 45 235
44 26 55 26
43 100 54 100
111 145 122 145
67 6 78 6
170 183 181 183
55 34 66 34
129 131 140 131
181 87 186 88
122 183 133 183
53 240 58 241
91 62 102 62
0 38 5 39
75 176 86 176
26 189 37 189
87 139 98 139
26 1 37 1
84 53 95 53
83 14 86 16
126 24 137 24
88 119 99 119
44 51 55 51
39 200 50 200
143 101 150 101
19 177 30 177
96 6 107 6
30 224 41 224
67 68 78 68
134 189 145 189
130 171 141 171
151 155 162 155
0 239 11 239
31 197 42 197
105 198 116 198
40 190 51 190
53 204 64 204
51 57 62 57
32 9 43 9
98 9 109 9
173 226 184 226
95 204 106 204
12 233 23 233
103 227 114 227
80 213 91 213
128 38 139 38
106 246 117 246
145 216 156 216
52 101 63 101
121 237 132 237
120 176 131 176
96 12 107 12
123 39 134 39
76 46 87 46
132 220 143 220
81 0 86 1
53 40 64 40
71 190 82 190
80 212 91 212
5 36 16 36
51 200 62 200
67 34 78 34
44 20 55 20
176 120 181 121
162 165 173 165
18 85 27 85
31 66 42 66
104 135 115 135
190 209 195 210
98 185 109 185
20 68 31 68
123 1 134 1
94 226 105 226
45 213 56 213
88 152 99 152
80 186 91 186
18 64 29 64
130 227 141 227
62 44 73 44
49 198 54 199
162 210 173 210
17 235 28 235
68 36 79 36
182 77 193 77
77 75 88 75
60 240 65 241
158 116 169 116
0 156 2 159
98 232 109 232
196 59 199 61
142 171 147 172
163 98 174 98
180 73 185 74
99 36 110 36
105 188 116 188
2 208 13 208
143 73 154 73
154 197 165 197
157 249 168 249
75 52 86 52
136 214 147 214
46 182 57 182
171 173 182 173
49 236 60 236
94 230 105 230
28 101 39 101
142 148 153 148
108 231 119 231
8 135 19 135
25 39 36 39
61 193 72 193
46 221 57 221
176 110 187 110
89 91 100 91
29 217 40 217
171 52 182 52
166 231 171 232
137 56 148 56
150 165 161 165
18 113 29 113
87 87 98 87
62 233 64 235
127 86 138 86
54 129 65 129
194 179 199 180
80 154 91 154
123 196 134 196
1 232 12 232
134 9 145 9
88 211 99 211
61 29 72 29
24 82 35 82
31 158 42 158
133 25 144 25
123 165 134 165
137 145 142 146
51 6 62 6
57 214 68 214
86 94 97 94
62 119 73 119
129 27 134 28
0 0 11 0
134 206 145 206
145 139 156 139
119 181 130 181
71 124 82 124
123 203 134 203
26 0 37 0
156 237 167 237
175 147 186 147
159 162 170 162
111 1 122 1
119 205 130 205
8 210 11 212
91 65 96 66
154 129 157 131
56 233 61 234
143 248 154 248
110 165 121 165
185 211 196 211
72 55 83 55
152 93 163 93
128 149 139 149
121 171 129 171
81 202 92 202
5 97 16 97
88 169 95 169
68 67 79 67
54 127 65 127
63 30 74 30
95 8 106 8
0 143 5 144
121 210 131 210
85 111 96 111
183 18 194 18
181 22 192 22
76 192 87 192
63 208 74 208
165 12 176 12
81 178 92 178
92 117 103 117
66 5 77 5
169 195 180 195
77 121 88 121
0 175 5 176
19 148 30 148
150 244 155 245
151 238 162 238
169 225 180 225
67 236 78 236
75 82 86 82
147 60 150 62
25 21 36 21
66 235 77 235
46 140 57 140
118 236 129 236
146 225 157 225
0 103 11 103
57 198 68 198
96 22 107 22
139 201 150 201
189 154 194 155
119 102 122 104
70 104 81 104
188 167 191 169
53 218 64 218
119 41 130 41
103 148 108 149
104 41 115 41
135 121 146 121
150 157 161 157
169 41 180 41
41 110 52 110
136 75 141 76
166 180 177 180
31 196 42 196
54 223 63 223
168 113 179 113
9 171 20 171
67 59 78 59
185 162 196 162
45 205 50 206
57 11 68 11
108 19 117 19
112 43 123 43
22 125 33 125
109 44 120 44
25 27 36 27
4 34 9 35
198 91 198 102
45 146 50 147
129 167 140 167
172 139 177 140
108 241 111 243
28 193 39 193
48 212 59 212
162 40 173 40
12 215 23 215
65 182 70 183
41 33 52 33
99 82 110 82
19 132 30 132
127 85 138 85
19 89 30 89
150 3 155 4
14 244 19 245
130 21 141 21
104 239 115 239
12 165 23 165
127 156 138 156
75 160 86 160
39 192 50 192
42 83 52 83
109 159 120 159
13 173 24 173
74 74 85 74
24 146 35 146
122 12 127 13
76 137 87 137
1 40 12 40
81 142 92 142
7 176 18 176
112 23 123 23
30 8 41 8
195 73 198 75
179 42 182 44
61 97 72 97
94 142 105 142
167 88 178 88
38 78 49 78
154 166 165 166
79 6 90 6
59 188 70 188
108 218 119 218
103 158 114 158
57 189 59 192
136 183 147 183
146 135 151 136
153 60 164 60
85 156 96 156
29 22 40 22
116 21 127 21
156 204 167 204
30 64 41 64
96 95 107 95
161 80 172 80
82 20 93 20
130 154 141 154
169 82 180 82
111 65 122 65
156 245 167 245
171 122 182 122
68 120 79 120
188 178 199 178
57 64 68 64
96 32 107 32
42 150 53 150
114 162 125 162
178 160 183 161
108 13 113 14
0 13 11 13
98 225 109 225
60 94 71 94
157 41 168 41
32 140 43 140
22 111 33 111
65 28 76 28
74 24 85 24
69 109 80 109
38 81 49 81
118 117 129 117
130 32 141 32
81 206 86 207
161 65 172 65
55 242 60 243
168 207 179 207
155 221 166 221
27 188 38 188
80 167 85 168
94 189 105 189
108 55 119 55
182 232 193 232
24 87 35 87
92 198 103 198
110 49 121 49
148 75 159 75
23 126 34 126
50 145 61 145
150 26 152 29
187 123 198 123
44 63 55 63
151 183 154 185
64 143 75 143
149 222 160 222
166 26 177 26
57 7 68 7
42 157 51 157
119 45 130 45
170 81 181 81
138 43 143 44
0 98 11 98
44 37 55 37
67 217 78 217
111 123 115 124
191 28 194 30
21 19 32 19
133 144 144 144
172 59 183 59
138 208 143 209
106 102 111 103
60 189 71 189
44 114 55 114
61 136 66 137
88 172 99 172
27 14 38 14
104 187 115 187
114 149 125 149
169 1 174 2
114 150 125 150
152 57 163 57
148 180 150 183
166 100 167 105
59 201 70 201
92 164 97 165
149 214 160 214
113 114 124 114
62 245 73 245
94 224 105 224
75 169 86 169
112 62 123 62
186 161 197 161
38 80 49 80
150 204 155 205
178 97 189 97
66 144 77 144
18 213 29 213
14 150 25 150
19 36 30 36
49 210 54 211
166 64 177 64
130 172 141 172
181 153 192 153
85 25 88 27
171 199 176 200
159 137 170 137
186 85 197 85
14 229 25 229
62 37 73 37
156 188 167 188
33 213 44 213
112 29 123 29
159 233 170 233
37 74 48 74
31 26 42 26
124 82 135 82
157 35 168 35
90 89 101 89
58 134 69 134
192 36 197 37
145 168 156 168
98 202 108 202
183 75 194 75
166 234 177 234
182 157 193 157
122 189 133 189
77 19 88 19
135 162 140 163
137 102 148 102
178 105 181 106
73 13 84 13
19 66 30 66
13 123 24 123
111 7 122 7
101 173 112 173
35 88 46 88
2 134 13 134
0 205 11 205
105 2 116 2
32 229 43 229
176 168 187 168
45 115 56 115
91 109 96 110
56 202 67 202
24 167 35 167
149 113 154 114
187 21 198 21
181 196 192 196
154 236 165 236
187 131 198 131
62 2 73 2
91 40 102 40
133 164 144 164
34 194 45 194
51 238 62 238
106 101 117 101
113 175 124 175
187 147 198 147
114 14 125 14
34 110 39 111
155 79 160 80
103 38 114 38
117 56 122 57
81 136 92 136
20 163 31 163
91 245 102 245
34 139 45 139
107 104 118 104
97 66 108 66
17 247 28 247
56 52 67 52
103 211 108 212
142 227 147 228
54 217 65 217
196 135 199 137
150 142 161 142
37 154 48 154
5 183 16 183
97 77 108 77
60 212 69 212
163 247 174 247
66 101 77 101
104 96 109 97
39 6 50 6
152 198 163 198
126 133 137 133
133 40 144 40
91 137 102 137
127 42 138 42
6 153 17 153
167 0 178 0
113 241 124 241
117 137 128 137
120 90 125 91
77 223 88 223
178 107 181 109
59 68 64 69
49 29 60 29
48 230 59 230
0 44 4 45
91 194 102 194
115 107 126 107
158 87 163 88
38 145 47 145
149 71 160 71
43 44 54 44
155 144 166 144
186 146 197 146
79 28 90 28
92 96 97 97
3 156 14 156
36 243 47 243
150 247 161 247
67 117 72 118
85 73 96 73
68 106 79 106
66 46 71 47
0 108 11 108
46 108 57 108
183 125 194 125
33 108 44 108
133 89 144 89
188 41 193 42
54 131 65 131
167 70 178 70
49 164 60 164
161 131 172 131
6 143 17 143
107 166 112 167
51 9 53 12
62 151 73 151
188 118 199 118
188 26 193 27
166 119 177 119
108 244 119 244
29 11 40 11
24 215 35 215
135 218 146 218
27 65 38 65
142 221 147 222
20 176 31 176
91 227 102 227
164 184 175 184
67 113 78 113
185 71 196 71
109 194 114 195
33 181 44 181
85 199 96 199
57 123 68 123
183 170 194 170
59 70 70 70
30 222 41 222
55 118 66 118
45 7 56 7
129 239 140 239
106 180 117 180
163 193 174 193
135 193 146 193
124 214 135 214
136 50 139 52
74 112 85 112
45 62 56 62
124 23 135 23
119 72 130 72
112 5 117 6
8 163 19 163
14 199 21 199
46 180 57 180
62 133 73 133
112 85 117 86
6 10 11 11
69 176 74 177
116 37 127 37
153 65 158 66
21 188 24 190
174 164 185 164
89 46 100 46
83 205 94 205
143 77 154 77
123 78 134 78
12 209 14 212
17 129 22 130
166 189 177 189
76 210 81 211
35 199 46 199
180 197 191 197
12 13 23 13
167 28 178 28
49 74 60 74
102 177 113 177
146 245 149 247
57 105 68 105
76 163 87 163
15 122 26 122
117 64 128 64
36 245 47 245
87 0 98 0
159 83 170 83
24 221 35 221
74 167 79 168
52 175 63 175
118 116 129 116
124 145 135 145
69 83 74 84
31 129 42 129
106 181 117 181
184 135 195 135
111 30 122 30
9 62 12 64
12 82 23 82
29 71 40 71
43 118 54 118
61 13 72 13
0 215 11 215
137 109 148 109
134 61 145 61
30 93 35 94
103 213 106 215
187 202 192 203
146 24 157 24
6 117 17 117
165 11 176 11
169 206 180 206
168 203 179 203
25 119 36 119
163 89 174 89
122 124 133 124
160 63 171 63
49 233 54 234
14 203 25 203
49 25 60 25
166 111 171 112
186 13 191 14
9 110 20 110
77 149 88 149
160 54 171 54
74 210 75 215
87 82 98 82
74 245 85 245
88 30 91 32
166 43 177 43
118 206 129 206
29 92 40 92
188 179 193 180
94 179 105 179
57 77 62 78
78 107 89 107
106 20 117 20
147 111 152 112
137 128 148 128
53 232 64 232
64 92 75 92
6 154 17 154
58 181 69 181
96 187 101 188
168 127 179 127
108 170 119 170
116 227 127 227
50 166 61 166
9 172 20 172
106 207 108 210
43 209 54 209
52 94 57 95
114 35 125 35
140 204 145 205
178 98 189 98
1 150 12 150
151 109 156 110
124 225 135 225
128 141 133 142
127 155 138 155
40 169 51 169
92 101 103 101
6 144 17 144
38 179 43 180
118 101 129 101
118 224 129 224
0 123 0 134
121 159 132 159
58 72 69 72
55 43 66 43
50 148 61 148
34 105 39 106
70 168 73 170
183 49 194 49
130 49 141 49
91 26 102 26
106 224 117 224
122 126 133 126
6 53 17 53
105 139 116 139
98 235 109 235
113 167 124 167
154 218 165 218
114 112 119 113
14 192 18 193
183 246 188 247
38 241 49 241
177 199 182 200
155 31 166 31
132 2 143 2
156 143 167 143
71 194 82 194
64 224 75 224
101 151 112 151
117 33 121 34
145 233 156 233
148 228 159 228
55 58 66 58
20 209 31 209
84 12 95 12
70 137 75 138
191 223 192 228
55 203 66 203
73 23 84 23
124 67 129 68
12 10 23 10
174 37 179 38
97 111 108 111
43 121 54 121
134 7 145 7
41 71 52 71
178 193 189 193
133 55 144 55
49 31 60 31
145 0 150 1
23 223 28 224
69 202 80 202
29 247 40 247
102 162 113 162
48 24 59 24
44 222 55 222
59 139 70 139
174 146 185 146
25 74 36 74
180 32 191 32
79 101 90 101
24 241 35 241
165 42 176 42
57 213 68 213
48 217 51 219
187 218 190 220
93 229 104 229
63 160 74 160
132 6 143 6
153 125 164 125
4 233 9 234
41 61 52 61
149 153 160 153
103 194 108 195
151 194 153 197
110 66 121 66
91 215 102 215
31 16 42 16
63 227 68 228
156 16 167 16
155 146 160 147
123 200 134 200
46 53 57 53
1 210 6 211
158 149 169 149
132 125 143 125
175 185 186 185
58 227 62 228
87 112 98 112
174 186 185 186
172 69 183 69
2 187 7 188
183 121 186 123
176 27 187 27
131 216 142 216
89 143 100 143
79 76 90 76
150 84 161 84
144 43 155 43
12 174 23 174
173 221 184 221
151 74 162 74
120 46 131 46
37 38 48 38
105 138 116 138
19 211 30 211
0 65 11 65
28 31 39 31
154 231 165 231
41 247 52 247
32 37 43 37
123 184 128 185
137 69 148 69
194 26 199 27
130 96 141 96
47 0 58 0
50 220 61 220
50 225 61 225
30 117 41 117
106 141 117 141
138 10 149 10
155 95 166 95
34 68 45 68
88 188 89 193
6 118 17 118
141 194 146 195
0 25 11 25
68 20 79 20
90 18 101 18
147 108 158 108
116 75 121 76
17 217 28 217
82 77 93 77
54 98 65 98
103 107 114 107
70 77 81 77
64 205 75 205
63 207 74 207
30 109 41 109
156 122 167 122
121 113 132 113
114 36 125 36
93 246 104 246
98 203 109 203
10 160 15 161
13 42 24 42
46 41 57 41
143 87 154 87
85 157 96 157
43 128 45 130
123 30 134 30
48 116 59 116
63 102 68 103
168 74 179 74
146 226 157 226
23 218 34 218
6 141 15 141
57 121 68 121
190 98 195 99
38 201 41 203
155 120 160 121
26 145 37 145
151 156 162 156
90 27 101 27
74 96 85 96
2 181 7 182
188 109 199 109
111 133 122 133
146 118 157 118
135 170 146 170
112 82 123 82
153 64 164 64
144 82 155 82
40 84 51 84
36 67 46 67
76 224 81 225
154 26 165 26
162 51 173 51
4 8 15 8
10 52 21 52
0 41 11 41
36 125 47 125
158 206 159 211
2 6 13 6
99 155 110 155
111 200 122 200
110 18 121 18
139 133 150 133
174 116 185 116
161 30 172 30
15 212 26 212
150 206 155 207
2 104 13 104
188 236 199 236
111 185 122 185
90 158 101 158
149 70 160 70
123 104 134 104
8 246 19 246
29 12 40 12
24 231 35 231
143 190 154 190
67 241 78 241
18 63 29 63
67 129 78 129
94 175 105 175
101 17 112 17
115 228 126 228
25 152 36 152
154 61 165 61
178 224 189 224
147 195 150 197
186 145 197 145
21 178 32 178
161 240 172 240
9 188 20 188
36 234 47 234
107 79 118 79
106 116 117 116
15 124 26 124
77 122 88 122
135 160 146 160
127 0 138 0
158 13 169 13
55 209 60 210
82 196 85 198
30 24 41 24
116 123 121 124
82 11 93 11
56 15 67 15
130 98 141 98
111 51 122 51
16 94 27 94
0 5 11 5
103 245 114 245
104 80 115 80
88 168 99 168
180 243 191 243
61 74 72 74
30 130 41 130
95 176 106 176
163 208 168 209
64 175 67 177
61 248 72 248
25 34 36 34
20 135 23 137
65 56 76 56
12 43 23 43
138 134 149 134
40 193 51 193
154 232 165 232
27 131 38 131
29 10 40 10
64 75 75 75
32 62 43 62
126 213 137 213
149 38 160 38
152 11 163 11
53 219 64 219
162 206 167 207
177 125 182 126
82 102 85 104
145 162 156 162
13 198 24 198
149 158 160 158
61 35 66 36
64 165 75 165
40 101 51 101
41 60 52 60
1 197 12 197
33 178 44 178
49 32 60 32
96 170 107 170
150 229 161 229
184 61 195 61
93 154 104 154
50 112 61 112
154 167 165 167
61 24 72 24
116 245 127 245
64 192 75 192
184 59 195 59
160 216 171 216
65 229 76 229
173 214 184 214
128 215 139 215
16 47 27 47
31 121 42 121
51 146 62 146
96 249 107 249
26 200 37 200
54 110 65 110
76 200 81 201
80 34 91 34
65 155 76 155
139 213 150 213
98 134 109 134
104 196 115 196
181 38 192 38
79 153 90 153
91 28 102 28
169 194 180 194
122 140 133 140
13 103 24 103
148 76 159 76
132 53 143 53
48 88 53 89
174 131 185 131
8 181 19 181
151 141 162 141
94 181 105 181
135 165 146 165
92 35 97 36
89 177 100 177
51 113 62 113
42 109 53 109
94 7 105 7
87 239 98 239
38 148 49 148
156 113 167 113
46 107 57 107
137 184 148 184
76 227 87 227
167 236 178 236
50 224 61 224
110 214 121 214
138 179 143 180
72 88 83 88
95 149 100 150
130 91 141 91
117 211 128 211
83 200 94 200
76 185 87 185
112 243 123 243
181 104 192 104
50 2 61 2
123 53 128 54
104 75 115 75
103 197 114 197
183 44 194 44
172 155 177 156
175 196 178 198
120 144 131 144
31 128 42 128
165 134 176 134
37 146 42 147
118 73 123 74
172 34 177 35
55 14 66 14
20 202 31 202
21 75 32 75
131 158 142 158
143 240 154 240
188 182 199 182
108 189 119 189
86 124 97 124
52 79 63 79
86 88 97 88
164 110 175 110
192 233 195 235
91 214 102 214
75 172 86 172
81 179 92 179
75 145 86 145
45 11 50 12
133 197 144 197
182 45 193 45
66 111 77 111
138 74 149 74
41 131 52 131
149 186 154 187
181 212 192 212
11 158 22 158
6 137 17 137
67 99 78 99
140 36 151 36
78 148 89 148
183 200 194 200
103 140 114 140
130 248 141 248
185 11 190 12
12 51 23 51
24 155 35 155
14 200 25 200
43 142 54 142
50 1 61 1
84 214 89 215
1 128 3 131
48 73 59 73
39 177 50 177
116 247 127 247
107 174 112 175
53 39 64 39
50 246 61 246
49 165 60 165
83 201 94 201
84 235 95 235
121 69 126 70
181 10 192 10
5 109 16 109
158 138 169 138
48 235 59 235
5 54 16 54
0 56 5 57
18 222 29 222
124 132 135 132
141 66 152 66
102 89 105 91
155 219 166 219
132 179 137 180
74 166 85 166
28 15 39 15
182 242 193 242
147 83 158 83
75 246 86 246
53 188 56 190
133 62 144 62
189 181 199 181
93 120 98 121
199 89 199 100
36 167 47 167
146 174 151 175
135 161 146 161
69 102 80 102
178 66 183 67
32 36 43 36
24 28 35 28
86 102 89 104
0 241 11 241
28 190 39 190
149 21 160 21
21 14 26 15
49 93 60 93
0 3 11 3
146 202 157 202
115 157 126 157
26 54 37 54
158 15 169 15
1 222 6 223
86 218 91 219
98 94 109 94
81 60 92 60
156 205 167 205
114 213 125 213
136 234 138 237
69 78 74 79
30 134 39 134
116 187 127 187
183 31 194 31
7 120 18 120
20 164 31 164
108 233 119 233
127 111 132 112
77 79 82 80
174 165 185 165
42 99 53 99
113 166 124 166
177 181 188 181
38 87 49 87
176 178 187 178
90 237 101 237
13 100 24 100
158 24 163 25
44 158 55 158
174 115 185 115
144 18 155 18
64 54 69 55
46 174 51 175
184 134 195 134
60 157 71 157
176 79 187 79
58 95 69 95
185 25 196 25
72 94 83 94
191 221 196 222
14 32 25 32
54 9 65 9
6 152 17 152
36 214 41 215
133 199 144 199
168 22 179 22
111 225 122 225
105 229 116 229
25 48 36 48
37 29 48 29
131 73 142 73
139 0 144 1
14 248 25 248
16 58 19 60
188 87 199 87
193 212 198 213
160 160 171 160
76 228 87 228
28 162 39 162
130 211 141 211
182 119 193 119
175 8 186 8
122 80 133 80
25 77 30 78
158 135 163 136
73 85 84 85
113 125 118 126
185 101 196 101
172 66 177 67
133 72 144 72
147 160 158 160
98 65 109 65
28 124 39 124
53 153 64 153
75 108 86 108
37 208 48 208
31 44 42 44
94 231 105 231
78 83 89 83
172 211 183 211
146 97 149 99
63 216 74 216
172 63 183 63
135 217 146 217
83 61 94 61
38 54 49 54
89 90 100 90
120 223 131 223
183 240 194 240
51 191 56 192
108 98 119 98
107 222 118 222
4 94 15 94
181 76 192 76
54 8 65 8
184 34 195 34
194 227 199 228
134 181 145 181
181 174 192 174
67 40 78 40
183 244 188 245
40 239 51 239
171 5 176 6
5 45 16 45
16 184 27 184
67 114 72 115
165 132 170 133
123 182 134 182
49 208 60 208
91 140 102 140
13 230 24 230
99 93 110 93
99 3 110 3
185 55 196 55
4 125 15 125
41 183 46 184
6 164 17 164
125 43 136 43
111 53 122 53
70 64 81 64
20 61 31 61
124 128 129 129
167 187 178 187
104 47 115 47
125 93 136 93
155 239 160 240
15 132 18 134
140 119 145 120
108 169 119 169
111 97 122 97
23 59 34 59
25 99 30 100
148 218 153 219
12 3 23 3
39 77 50 77
43 43 54 43
102 150 113 150
1 106 12 106
156 82 167 82
48 136 59 136
136 30 147 30
11 226 22 226
169 100 180 100
142 78 153 78
175 23 180 24
184 176 195 176
110 235 121 235
22 199 33 199
1 123 12 123
17 109 28 109
61 32 72 32
0 22 11 22
182 56 187 57
34 107 45 107
109 210 120 210
28 4 33 5
87 130 98 130
194 80 199 81
72 15 75 17
159 53 170 53
43 52 54 52
107 179 118 179
125 88 136 88
103 62 108 63
18 49 23 50
127 147 138 147
187 149 198 149
25 120 36 120
175 106 177 109
62 166 67 167
96 61 107 61
54 99 65 99
168 73 179 73
41 159 52 159
109 26 120 26
88 15 99 15
24 147 35 147
130 116 141 116
134 204 139 205
156 4 167 4
65 234 76 234
84 123 95 123
54 10 65 10
141 131 152 131
26 203 37 203
44 16 55 16
127 57 138 57
65 19 76 19
189 215 192 217
142 211 153 211
16 84 27 84
118 67 123 68
29 56 40 56
10 234 21 234
2 110 4 113
92 182 103 182
1 46 12 46
104 64 115 64
31 77 36 78
40 39 51 39
180 33 191 33
118 110 129 110
157 29 168 29
24 134 29 135
164 157 169 158
168 114 179 114
62 1 73 1
0 99 11 99
27 212 38 212
68 199 79 199
24 237 29 238
144 17 155 17
163 44 174 44
138 200 149 200
175 20 186 20
186 72 197 72
66 39 77 39
7 216 18 216
166 97 177 97
56 17 67 17
32 227 43 227
19 138 30 138
121 55 132 55
135 219 146 219
148 55 159 55
79 58 90 58
188 53 199 53
172 21 183 21
98 132 103 133
90 19 101 19
122 141 127 142
13 38 24 38
197 5 199 8
120 244 128 244
172 60 183 60
19 192 24 193
185 84 196 84
188 113 193 114
183 5 188 6
138 202 143 203
62 112 73 112
133 58 144 58
52 176 63 176
158 91 169 91
36 225 41 226
148 231 153 232
137 152 148 152
42 224 45 226
4 235 15 235
92 30 103 30
156 43 165 43
31 138 42 138
52 169 63 169
18 44 23 45
82 224 93 224
35 4 40 5
75 239 86 239
14 4 25 4
105 87 116 87
151 201 162 201
99 24 110 24
49 48 60 48
14 131 25 131
109 207 114 208
118 128 123 129
55 12 66 12
30 235 33 237
81 128 86 129
77 91 88 91
121 120 132 120
152 133 163 133
150 200 161 200
152 181 163 181
137 151 148 151
64 146 75 146
46 19 57 19
146 164 157 164
162 177 173 177
41 232 52 232
13 197 24 197
70 174 81 174
172 62 183 62
60 73 71 73
64 169 69 170
1 169 12 169
164 87 175 87
182 239 193 239
81 106 92 106
142 96 153 96
37 25 48 25
24 13 35 13
67 12 78 12
108 32 119 32
56 67 67 67
16 125 21 126
76 216 87 216
58 140 69 140
107 67 110 69
26 41 37 41
57 50 68 50
118 130 129 130
101 114 112 114
7 121 18 121
12 166 23 166
38 103 49 103
83 44 94 44
111 28 122 28
168 105 177 105
153 36 164 36
77 62 88 62
79 249 90 249
124 74 135 74
13 196 24 196
109 77 120 77
100 42 111 42
173 55 184 55
2 186 13 186
62 246 73 246
135 65 140 66
181 70 184 72
128 201 133 202
123 65 134 65
58 22 69 22
162 121 173 121
23 92 28 93
194 119 199 120
164 27 175 27
141 27 146 28
107 178 118 178
27 194 32 195
150 132 161 132
81 151 86 152
109 209 120 209
96 169 107 169
3 157 14 157
87 145 98 145
122 123 133 123
163 182 168 183
62 210 73 210
67 58 78 58
112 152 123 152
146 37 157 37
195 68 198 70
84 80 95 80
55 49 66 49
80 125 91 125
13 1 24 1
89 149 94 150
90 148 101 148
46 181 57 181
119 5 124 6
72 189 83 189
101 13 106 14
102 21 113 21
17 21 22 22
160 55 171 55
43 173 54 173
58 182 63 183
40 111 45 112
85 63 96 63
1 79 1 90
87 138 98 138
113 17 124 17
106 115 113 115
51 195 56 196
0 102 11 102
166 167 177 167
68 154 79 154
168 204 179 204
173 101 184 101
177 247 180 249
1 207 12 207
68 69 79 69
158 14 169 14
1 221 12 221
17 183 28 183
0 59 11 59
184 208 195 208
126 234 131 235
60 190 65 191
23 142 25 145
158 27 163 28
100 248 111 248
7 168 18 168
155 241 160 242
135 194 140 195
67 218 72 219
183 46 194 46
154 124 165 124
13 27 18 28
36 218 41 219
39 238 50 238
117 158 128 158
176 9 187 9
148 161 159 161
91 107 102 107
118 138 123 139
22 139 33 139
74 247 79 248
6 56 17 56
100 15 111 15
77 33 88 33
26 103 37 103
90 183 101 183
170 158 181 158
56 20 67 20
117 135 128 135
34 70 45 70
181 194 186 195
191 102 196 103
96 80 101 81
0 70 5 71
65 124 68 126
63 152 74 152
164 139 169 140
169 188 180 188
0 105 11 105
167 93 172 94
159 217 170 217
152 12 163 12
151 212 162 212
105 154 116 154
146 149 151 150
15 156 20 157
55 199 66 199
8 73 19 73
142 232 144 235
66 190 70 191
147 204 149 207
68 166 73 167
135 99 140 100
171 125 176 126
104 242 107 244
107 105 112 106
73 218 84 218
16 8 27 8
127 166 138 166
32 171 43 171
168 212 173 213
89 55 92 57
76 221 87 221
135 196 146 196
78 234 83 235
180 127 191 127
159 52 170 52
138 78 141 80
125 102 136 102
140 13 151 13
17 161 28 161
32 63 43 63
95 160 106 160
2 37 13 37
80 242 91 242
152 246 163 246
13 40 18 41
146 48 157 48
72 191 83 191
117 196 120 198
69 103 80 103
142 185 147 186
113 151 124 151
108 176 119 176
176 2 187 2
38 150 41 152
142 107 153 107
53 33 64 33
137 22 148 22
137 238 148 238
65 204 76 204
28 47 39 47
86 132 97 132
12 151 23 151
39 205 44 206
167 78 178 78
193 3 198 4
161 171 172 171
15 61 19 62
172 159 183 159
84 69 89 70
27 6 38 6
106 206 117 206
10 225 21 225
115 38 126 38
142 79 153 79
92 240 95 242
50 96 61 96
112 61 123 61
1 218 12 218
76 17 87 17
147 40 158 40
81 116 92 116
43 58 54 58
89 13 100 13
130 184 135 185
96 23 107 23
115 156 126 156
136 232 141 233
58 53 69 53
4 224 15 224
187 122 198 122
122 121 133 121
25 154 36 154
61 38 72 38
119 178 130 178
164 20 167 22
81 25 84 27
110 238 121 238
125 84 136 84
26 102 37 102
0 107 11 107
133 159 144 159
177 5 182 6
30 157 41 157
59 71 70 71
127 14 138 14
0 4 11 4
12 88 22 88
85 65 87 68
125 146 136 146
170 50 181 50
149 154 160 154
1 220 12 220
89 216 100 216
137 11 145 11
66 110 77 110
178 138 183 139
108 221 119 221
0 209 11 209
0 212 3 214
138 29 149 29
173 29 178 30
16 105 18 108
127 212 138 212
27 40 38 40
92 99 103 99
120 160 131 160
85 71 96 71
125 151 136 151
51 75 62 75
151 101 162 101
102 112 113 112
42 116 47 117
40 65 51 65
45 227 47 230
101 172 112 172
53 76 64 76
177 133 182 134
72 238 83 238
124 94 135 94
0 53 3 55
53 229 64 229
24 233 29 234
124 52 135 52
13 145 18 146
176 80 187 80
96 241 107 241
131 3 136 4
168 101 171 103
111 8 122 8
50 167 61 167
170 13 172 16
143 237 154 237
174 232 177 233
142 249 153 249
118 140 121 142
0 42 11 42
0 145 11 145
13 61 14 66
115 148 126 148
41 188 52 188
40 124 51 124
67 100 78 100
73 97 84 97
183 124 194 124
88 92 99 92
79 159 90 159
82 72 93 72
176 47 187 47
88 210 99 210
44 210 47 212
78 5 89 5
74 114 85 114
84 45 95 45
181 229 186 230
70 105 81 105
87 78 98 78
158 81 169 81
96 20 101 21
107 230 118 230
7 71 18 71
99 48 110 48
80 113 91 113
194 104 199 105
65 76 76 76
24 243 35 243
163 170 174 170
152 42 163 42
126 167 128 170
50 30 61 30
106 46 117 46
82 95 93 95
167 238 178 238
83 174 94 174
95 79 106 79
1 66 12 66
72 244 83 244
150 68 155 69
192 92 193 97
132 232 134 235
98 157 109 157
6 90 17 90
105 33 116 33
76 21 87 21
142 166 153 166
64 3 69 4
131 109 136 110
84 4 95 4
52 227 57 228
142 15 153 15
24 226 35 226
148 241 151 243
76 92 87 92
193 202 198 203
18 16 29 16
143 41 154 41
167 49 178 49
70 198 81 198
99 115 104 116
2 127 13 127
139 191 150 191
43 202 48 203
155 32 166 32
178 192 187 192
19 23 24 24
67 159 78 159
94 72 105 72
124 186 135 186
91 238 102 238
3 240 14 240
86 24 97 24
152 13 157 14
158 139 163 140
42 8 53 8
77 18 88 18
88 206 90 209
35 60 40 61
13 14 18 15
173 171 178 172
94 167 105 167
50 54 53 55
76 143 87 143
8 57 19 57
188 116 199 116
31 114 42 114
163 169 174 169
15 236 26 236
20 76 31 76
55 159 66 159
181 227 186 228
182 105 193 105
162 241 173 241
156 127 167 127
188 192 199 192
52 143 57 144
176 89 187 89
119 179 124 180
181 248 192 248
2 184 7 185
91 206 102 206
66 98 77 98
34 84 39 85
9 182 20 182
1 47 12 47
178 36 189 36
187 121 198 121
39 120 50 120
75 78 86 78
155 173 166 173
86 196 89 198
0 18 5 19
57 83 61 84
178 99 189 99
16 160 27 160
52 102 62 102
77 90 88 90
33 230 44 230
110 184 121 184
44 132 49 133
6 165 11 166
15 209 18 211
1 48 12 48
150 92 161 92
37 17 40 19
65 80 76 80
187 19 198 19
50 130 61 130
156 17 167 17
181 249 192 249
1 179 1 190
27 196 30 198
99 138 104 139
129 188 140 188
154 89 156 91
187 88 198 88
144 203 155 203
49 179 60 179
167 151 169 154
2 199 7 200
62 161 73 161
106 193 114 193
119 230 130 230
94 180 105 180
30 160 41 160
132 210 143 210
13 48 24 48
12 242 23 242
84 237 89 238
193 167 196 169
184 133 195 133
53 126 64 126
144 127 155 127
139 93 150 93
44 105 55 105
197 62 199 65
106 226 117 226
70 11 81 11
159 118 170 118
78 138 83 139
25 18 36 18
67 153 78 153
24 219 35 219
36 3 46 3
154 170 158 171
95 11 106 11
145 138 156 138
62 215 73 215
63 77 68 78
130 97 141 97
0 33 11 33
135 8 146 8
91 197 102 197
20 219 23 221
49 245 60 245
133 168 144 168
95 178 106 178
160 161 171 161
66 149 76 149
194 76 199 77
37 46 48 46
168 10 179 10
139 57 150 57
93 33 104 33
110 192 121 192
35 89 46 89
93 212 98 213
141 167 152 167
15 65 26 65
0 49 5 50
18 53 21 55
157 192 168 192
130 138 135 139
25 25 36 25
16 162 27 162
106 118 108 121
35 187 46 187
179 111 184 112
90 187 90 197
95 56 100 57
2 2 13 2
69 7 80 7
41 92 52 92
165 181 176 181
169 130 180 130
1 120 6 121
199 238 199 249
5 83 16 83
31 43 42 43
38 28 49 28
51 177 62 177
194 189 199 190
111 27 122 27
66 8 69 10
128 13 139 13
13 69 24 69
17 83 28 83
195 92 196 97
19 210 30 210
74 141 79 142
141 100 152 100
161 20 163 23
167 84 178 84
153 33 164 33
7 38 12 39
107 204 118 204
64 57 75 57
192 16 197 17
0 34 3 36
79 117 90 117
40 47 51 47
156 244 167 244
144 210 155 210
148 227 159 227
106 142 117 142
142 130 153 130
72 180 75 182
0 60 11 60
132 35 143 35
97 191 108 191
128 37 139 37
59 180 70 180
172 102 177 103
157 1 168 1
35 195 46 195
137 82 140 84
164 246 175 246
182 233 187 234
169 182 180 182
99 87 104 88
69 60 80 60
179 0 190 0
111 109 116 110
88 118 99 118
26 227 31 228
143 94 154 94
7 89 18 89
117 188 128 188
1 27 3 30
131 41 142 41
33 182 44 182
91 41 102 41
179 152 190 152
133 46 144 46
142 31 153 31
151 134 162 134
67 242 78 242
157 46 162 47
56 132 61 133
147 7 150 9
77 56 88 56
36 231 47 231
73 42 78 43
144 16 155 16
160 66 171 66
64 60 68 61
139 141 150 141
99 186 110 186
75 171 86 171
109 59 120 59
123 75 134 75
159 48 164 49
145 2 156 2
8 201 13 202
58 18 63 19
113 102 118 103
45 168 56 168
141 243 142 247
115 147 126 147
54 149 65 149
53 183 55 186
159 164 170 164
0 116 11 116
80 217 91 217
135 39 146 39
145 72 156 72
150 85 161 85
183 136 188 137
152 0 163 0
112 67 117 68
71 139 76 140
72 73 83 73
123 195 134 195
40 102 51 102
70 134 74 135
188 107 199 107
90 234 101 234
2 237 13 237
82 105 93 105
145 46 156 46
168 72 179 72
126 17 129 19
161 38 172 38
42 64 53 64
37 48 48 48
175 169 186 169
185 139 196 139
187 151 198 151
106 72 117 72
50 103 61 103
37 27 48 27
187 150 198 150
116 215 127 215
178 86 189 86
34 237 38 238
111 48 122 48
144 229 149 230
150 177 161 177
60 63 71 63
149 33 152 35
105 136 116 136
51 77 56 78
166 36 177 36
132 90 143 90
95 105 106 105
48 5 59 5
6 85 11 86
65 91 76 91
141 187 146 188
47 4 58 4
144 44 149 45
61 23 72 23
8 199 13 200
186 128 191 129
15 6 26 6
119 222 130 222
179 29 190 29
36 136 41 137
174 145 185 145
188 47 199 47
3 95 8 96
116 71 127 71
85 134 96 134
20 149 31 149
62 31 73 31
61 196 72 196
39 122 44 123
33 174 38 175
142 223 153 223
170 128 181 128
84 243 95 243
128 9 130 12
135 200 137 203
145 198 150 199
55 135 66 135
87 129 98 129
57 85 62 86
185 144 196 144
29 232 40 232
179 30 190 30
48 161 53 162
11 77 22 77
123 76 128 77
122 122 133 122
100 52 111 52
188 54 199 54
159 9 164 10
159 159 170 159
51 170 54 172
87 3 98 3
78 144 89 144
60 247 71 247
13 159 24 159
168 173 170 176
156 18 167 18
182 179 187 180
143 70 148 71
54 54 59 55
1 162 6 163
92 146 97 147
29 116 40 116
79 41 90 41
131 10 136 11
112 15 117 16
137 3 148 3
109 128 112 130
34 73 45 73
169 3 180 3
9 249 20 249
14 191 25 191
154 107 165 107
74 230 79 231
41 59 52 59
19 216 30 216
163 45 168 46
183 126 194 126
112 52 123 52
56 68 58 71
185 221 190 222
57 122 68 122
116 164 127 164
28 204 33 205
108 190 119 190
157 72 162 73
161 117 172 117
105 127 116 127
151 191 156 192
121 58 126 59
124 138 129 139
100 16 111 16
175 51 186 51
62 141 73 141
142 16 143 19
95 200 97 203
127 36 138 36
0 177 5 178
81 50 86 51
93 136 104 136
12 87 23 87
11 213 16 214
109 202 120 202
13 221 16 223
75 47 86 47
19 35 30 35
55 46 60 47
101 83 112 83
171 53 182 53
39 153 50 153
54 162 65 162
149 22 154 23
80 240 91 240
171 46 182 46
185 65 186 70
47 3 58 3
56 51 67 51
27 191 38 191
138 23 143 24
12 241 23 241
73 157 84 157
173 68 184 68
111 186 122 186
13 25 24 25
1 15 12 15
125 83 136 83
163 70 164 75
2 179 13 179
107 205 118 205
22 70 33 70
182 17 191 17
67 42 72 43
31 118 42 118
187 185 198 185
73 46 74 51
109 119 120 119
32 141 43 141
91 58 96 59
12 98 23 98
21 171 26 172
13 39 24 39
2 114 11 114
125 179 130 180
131 67 142 67
71 121 76 122
8 244 13 245
182 182 187 183
60 230 71 230
47 67 52 68
180 198 191 198
149 143 154 144
187 204 198 204
189 225 190 230
193 223 195 226
69 172 74 173
117 60 128 60
77 204 82 205
128 162 131 164
85 109 90 110
13 102 24 102
56 16 67 16
187 225 188 230
84 182 89 183
57 35 60 37
188 177 199 177
173 222 184 222
87 108 98 108
49 38 60 38
98 96 103 97
37 82 48 82
51 205 62 205
180 213 191 213
37 93 48 93
144 209 155 209
50 132 55 133
36 90 41 91
114 219 119 220
6 16 17 16
40 132 43 134
79 39 84 40
142 48 145 50
99 145 104 146
35 58 40 59
20 108 31 108
188 106 199 106
105 34 116 34
29 20 40 20
129 247 140 247
163 168 174 168
12 99 23 99
56 186 67 186
58 168 69 168
183 199 194 199
123 218 126 220
45 163 56 163
55 100 66 100
28 104 39 104
7 227 12 228
114 115 125 115
60 3 63 5
42 31 47 32
19 27 22 29
126 29 137 29
162 229 167 230
92 127 103 127
182 163 193 163
126 114 137 114
182 78 193 78
181 3 192 3
106 91 113 91
6 175 17 175
148 145 159 145
187 65 190 67
45 104 56 104
37 246 48 246
28 248 39 248
123 7 126 9
111 73 116 74
159 7 164 8
36 185 41 186
157 2 168 2
17 20 28 20
184 159 189 160
0 138 3 140
172 216 183 216
193 248 198 249
28 80 33 81
115 42 126 42
127 7 132 8
70 95 81 95
156 19 167 19
123 66 134 66
85 126 90 127
96 242 99 244
32 179 37 180
91 191 96 192
62 197 73 197
143 63 146 65
93 113 98 114
145 59 156 59
126 115 137 115
151 7 153 10
57 26 60 28
0 11 5 12
29 184 40 184
6 44 17 44
62 231 73 231
165 7 168 9
124 22 135 22
17 223 22 224
99 128 104 129
98 201 109 201
155 94 166 94
117 109 128 109
29 51 40 51
166 86 177 86
47 56 58 56
153 213 164 213
88 221 99 221
178 64 189 64
147 169 158 169
58 143 63 144
96 44 101 45
10 93 21 93
129 48 140 48
115 155 126 155
178 102 189 102
13 105 15 108
19 168 22 170
180 235 185 236
139 33 144 34
23 29 28 30
87 170 92 171
86 96 91 97
179 28 190 28
49 97 60 97
6 119 17 119
0 199 1 204
147 63 150 65
25 38 36 38
195 193 198 195
170 163 181 163
49 119 60 119
44 66 55 66
144 241 147 243
43 138 54 138
182 120 193 120
176 239 178 242
130 76 135 77
31 173 42 173
164 109 174 109
118 84 122 85
161 147 172 147
0 69 11 69
144 19 155 19
95 162 100 163
165 128 168 130
151 44 156 45
143 32 154 32
87 93 98 93
12 17 23 17
193 187 198 188
166 99 177 99
149 89 152 91
26 2 37 2
133 198 144 198
39 41 44 42
191 66 196 67
62 145 73 145
29 52 40 52
191 229 196 230
188 112 199 112
179 11 184 12
143 95 154 95
79 59 90 59
110 147 113 149
186 201 197 201
20 244 23 246
5 173 10 174
150 230 161 230
149 128 160 128
171 179 181 179
28 95 39 95
91 247 102 247
1 61 12 61
167 135 178 135
20 40 25 41
188 51 199 51
48 187 59 187
48 227 51 229
60 87 65 88
1 14 12 14
24 157 29 158
141 135 145 136
44 171 49 172
70 233 81 233
98 240 109 240
16 95 27 95
68 186 79 186
7 49 9 52
98 192 109 192
123 221 131 221
79 133 84 134
81 30 86 31
188 233 191 235
24 244 35 244
104 153 115 153
50 216 61 216
120 233 131 233
135 221 137 224
111 9 122 9
68 116 79 116
130 130 141 130
11 92 22 92
48 244 59 244
148 188 153 189
7 162 15 162
139 142 144 143
22 54 25 56
156 206 157 211
70 8 75 9
184 201 185 204
150 102 161 102
0 100 11 100
97 199 108 199
115 0 126 0
109 237 120 237
38 210 43 211
43 135 54 135
2 73 5 75
41 189 52 189
37 69 46 69
90 144 101 144
145 89 148 91
104 81 115 81
176 243 178 246
107 45 118 45
24 220 35 220
189 245 192 247
118 94 123 95
20 62 31 62
87 128 98 128
148 30 159 30
88 230 93 231
94 166 105 166
44 15 55 15
128 193 133 194
24 67 35 67
106 236 117 236
10 91 18 91
64 65 75 65
30 135 41 135
160 5 165 6
91 209 102 209
38 55 49 55
173 215 184 215
42 90 53 90
62 96 73 96
168 32 171 34
75 173 86 173
178 191 189 191
118 16 129 16
43 96 48 97
4 247 7 249
194 110 199 111
179 84 184 85
20 201 31 201
84 233 89 234
136 228 141 229
182 81 193 81
14 218 17 220
16 81 27 81
172 54 183 54
59 155 64 156
26 229 31 230
127 177 138 177
36 244 47 244
39 191 50 191
81 141 92 141
124 20 135 20
127 106 132 107
49 202 54 203
166 85 177 85
186 148 197 148
76 57 87 57
190 136 195 137
111 132 122 132
33 132 38 133
44 215 49 216
42 223 53 223
193 152 198 153
30 144 41 144
146 58 157 58
8 132 13 133
142 104 153 104
108 219 113 220
3 180 14 180
45 122 56 122
83 49 94 49
91 83 96 84
20 72 23 74
53 174 64 174
180 13 185 14
15 237 20 238
117 127 128 127
73 219 84 219
49 249 60 249
192 127 195 129
109 199 120 199
151 60 152 65
171 162 182 162
6 155 17 155
70 136 80 136
156 114 167 114
129 135 140 135
75 207 78 209
12 147 23 147
159 226 170 226
164 200 167 202
116 12 121 13
41 0 46 1
78 214 83 215
21 181 32 181
19 119 24 120
196 48 199 50
118 229 129 229
183 94 188 95
188 89 193 90
183 41 186 43
140 52 151 52
61 89 63 92
137 94 142 95
171 132 176 133
104 30 109 31
134 207 145 207
180 218 185 219
185 207 196 207
20 86 31 86
66 131 77 131
109 191 120 191
120 218 122 221
75 151 80 152
72 188 83 188
116 121 121 122
178 189 189 189
130 249 141 249
137 4 148 4
116 216 127 216
67 41 78 41
111 24 122 24
164 90 175 90
123 108 134 108
32 201 37 202
91 196 102 196
182 39 193 39
16 243 23 243
116 80 121 81
159 108 170 108
138 113 141 115
180 202 183 204
87 52 98 52
73 32 84 32
133 59 144 59
12 11 23 11
62 184 67 185
58 193 60 196
75 37 86 37
16 78 21 79
0 141 5 142
87 74 98 74
173 117 184 117
193 171 195 174
33 75 38 76
2 164 5 166
7 9 18 9
199 66 199 75
151 199 162 199
185 117 196 117
93 115 98 116
187 186 198 186
15 239 20 240
126 92 137 92
110 39 121 39
125 87 136 87
102 44 105 46
111 69 114 71
27 122 38 122
68 15 71 17
71 123 82 123
53 83 56 85
0 192 5 193
100 152 111 152
38 2 49 2
161 128 164 130
65 172 68 174
149 115 160 115
64 25 75 25
55 170 57 173
173 15 184 15
188 56 199 56
159 98 162 100
43 35 54 35
30 115 41 115
97 184 108 184
183 92 188 93
33 176 38 177
32 7 43 7
175 19 186 19
8 28 11 30
75 38 86 38
14 127 25 127
132 241 143 241
6 55 17 55
32 86 43 86
76 162 87 162
16 116 27 116
180 37 191 37
133 5 144 5
26 150 37 150
99 74 110 74
190 164 193 166
148 20 159 20
163 155 168 156
0 58 11 58
36 220 41 221
0 115 11 115
133 119 138 120
117 136 128 136
26 142 29 144
170 123 175 124
80 69 83 71
15 80 26 80
76 48 81 49
0 72 1 77
82 181 93 181
102 18 107 19
90 104 101 104
183 241 194 241
31 210 36 211
42 136 47 137
122 232 131 232
6 217 16 217
43 49 54 49
144 123 147 125
71 183 82 183
156 68 167 68
75 93 86 93
110 201 120 201
113 128 116 130
29 29 34 30
14 189 19 190
110 232 121 232
26 55 37 55
194 156 199 157
58 59 63 60
182 156 193 156
157 190 168 190
167 136 178 136
173 65 184 65
7 19 18 19
169 129 180 129
88 16 93 17
91 85 96 86
91 187 93 190
145 25 156 25
38 166 49 166
190 86 199 86
136 185 141 186
178 232 181 234
152 174 163 174
80 36 91 36
113 92 124 92
97 83 99 86
60 244 71 244
168 237 179 237
120 161 131 161
87 1 96 1
172 137 177 138
19 121 30 121
70 226 81 226
1 170 12 170
135 108 146 108
65 156 76 156
0 31 5 32
27 123 38 123
25 151 36 151
24 242 35 242
193 246 198 247
107 217 118 217
48 13 59 13
102 144 113 144
170 91 181 91
169 248 174 249
188 171 191 173
121 199 132 199
121 201 126 202
139 14 150 14
197 206 198 211
37 45 48 45
192 32 197 33
127 25 132 26
197 139 198 144
13 29 18 30
1 167 6 168
26 127 37 127
40 104 43 106
194 89 197 91
169 190 174 191
8 68 19 68
14 179 25 179
144 174 145 179
44 50 55 50
34 239 39 240
61 46 64 48
157 89 162 90
133 12 144 12
42 149 53 149
195 28 198 30
172 144 183 144
66 87 71 88
2 79 7 80
99 108 110 108
147 39 158 39
122 10 127 11
62 130 73 130
41 248 52 248
23 185 28 186
194 41 199 42
181 205 184 207
170 148 173 149
24 136 35 136
154 189 165 189
175 40 186 40
198 196 199 201
98 156 109 156
175 190 177 193
42 214 43 219
62 225 73 225
15 204 26 204
84 187 87 188
56 66 67 66
69 50 72 52
44 106 55 106
129 137 140 137
13 23 18 24
0 152 5 153
111 54 122 54
46 128 49 130
127 197 132 198
63 200 74 200
100 85 105 86
12 67 23 67
75 30 80 31
25 43 30 44
12 18 23 18
29 183 40 183
181 238 192 238
28 84 33 85
114 234 125 234
168 67 171 69
169 229 180 229
30 142 41 142
196 172 199 174
39 75 50 75
184 48 195 48
82 180 93 180
109 171 120 171
55 138 66 138
120 125 131 125
156 69 167 69
164 198 169 199
125 172 126 175
198 12 199 17
139 155 142 157
43 151 48 152
159 179 170 179
13 20 16 22
146 234 151 235
94 67 105 67
45 123 56 123
80 247 85 248
185 63 196 63
42 185 47 186
25 50 28 52
139 104 141 107
63 86 74 86
65 33 76 33
124 153 129 154
113 172 118 173
54 87 55 92
177 151 186 151
158 129 160 131
4 84 15 84
131 63 142 63
8 146 11 148
12 58 15 60
0 247 3 249
71 10 82 10
188 8 193 9
91 195 102 195
172 61 183 61
114 177 125 177
114 143 119 144
129 187 140 187
188 183 199 183
143 113 148 114
136 17 138 20
181 4 192 4
186 231 197 231
121 25 126 26
168 202 179 202
117 131 128 131
102 102 105 104
179 170 182 172
31 89 34 91
134 126 136 129
139 234 141 237
133 106 138 107
3 160 8 161
153 51 155 54
80 2 91 2
166 123 169 125
182 106 187 107
92 21 95 23
21 182 32 182
132 221 134 224
181 188 192 188
62 142 73 142
100 68 105 69
157 191 168 191
118 86 119 91
119 217 130 217
28 170 31 172
136 138 139 140
8 77 10 80
52 155 55 157
61 242 66 243
1 231 10 231
115 69 120 70
193 243 196 245
127 172 129 175
123 84 124 89
0 233 1 238
107 213 109 216
79 208 84 209
75 178 80 179
174 148 185 148
49 45 54 46
71 125 74 127
68 14 79 14
142 236 153 236
18 117 29 117
138 126 143 127
56 106 67 106
193 215 198 216
88 184 93 185
105 128 108 130
28 72 33 73
10 35 18 35
143 146 154 146
173 111 178 112
19 71 28 71
33 169 38 170
84 244 95 244
32 172 43 172
25 173 30 174
10 49 15 50
135 182 146 182
42 98 53 98
2 190 13 190
111 108 122 108
4 139 15 139
131 33 136 34
173 32 178 33
123 97 128 98
178 208 183 209
155 22 160 23
92 217 95 219
116 47 127 47
75 184 86 184
108 4 111 6
110 31 121 31
140 42 151 42
152 149 157 150
169 45 180 45
74 196 79 197
114 94 117 96
87 50 98 50
170 153 171 156
189 73 194 74
163 222 168 223
118 19 123 20
174 149 179 150
98 164 103 165
141 81 143 84
0 151 11 151
105 123 110 124
30 223 41 223
140 149 145 150
138 92 149 92
179 25 184 26
6 81 11 82
193 193 194 198
0 68 7 68
78 110 83 111
94 16 99 17
197 219 199 222
45 143 50 144
71 70 74 72
87 84 90 86
103 25 108 26
62 26 67 27
153 215 164 215
105 132 110 133
110 121 115 122
184 52 187 54
3 158 8 159
0 149 11 149
162 242 173 242
8 247 13 248
75 0 80 1
121 40 132 40
145 33 148 35
11 231 22 231
112 4 123 4
3 171 8 172
146 116 157 116
159 223 162 225
50 27 55 28
2 76 5 78
101 143 112 143
50 207 61 207
195 196 197 199
75 125 78 127
82 226 93 226
157 44 162 45
135 141 138 143
23 88 34 88
96 4 107 4
31 35 42 35
193 22 196 24
58 221 63 222
42 161 47 162
111 78 122 78
67 35 78 35
89 160 94 161
133 111 136 113
83 79 94 79
114 89 117 91
185 206 196 206
127 191 138 191
77 44 82 45
0 242 11 242
53 59 56 61
166 5 170 6
154 104 165 104
172 142 183 142
169 8 174 9
124 3 129 4
12 74 15 76
179 135 182 137
83 203 88 204
162 146 173 146
61 209 72 209
48 183 50 186
30 233 35 234
61 116 66 117
161 151 166 152
23 114 28 115
158 50 169 50
16 74 19 76
30 238 33 240
94 68 99 69
182 91 193 91
57 61 62 62
6 87 11 88
77 177 88 177
109 25 120 25
63 84 68 85
108 161 119 161
140 174 143 176
121 119 132 119
0 79 0 90
24 72 27 73
149 105 160 105
139 85 144 86
41 10 44 12
1 227 6 228
199 141 199 152
196 158 199 160
79 98 82 100
69 227 74 228
185 140 190 141
20 140 25 141
184 60 195 60
24 45 35 45
151 182 162 182
92 42 97 43
27 168 32 169
130 127 133 129
180 113 185 114
172 223 177 224
197 92 197 103
0 51 5 52
134 175 139 176
71 203 82 203
137 87 142 88
198 229 199 234
143 115 145 118
152 175 163 175
144 67 155 67
174 151 176 154
16 205 27 205
195 11 197 14
4 243 15 243
130 16 141 16
4 129 7 131
148 172 159 172
33 163 44 163
36 242 47 242
123 27 128 28
169 104 180 104
145 126 156 126
184 142 195 142
6 91 9 93
7 222 12 223
25 153 36 153
142 105 147 106
76 25 79 27
0 220 0 231
127 208 137 208
172 143 183 143
99 51 110 51
0 94 2 97
34 53 45 53
0 21 11 21
100 118 105 119
5 62 8 64
101 216 106 217
88 166 93 167
82 230 87 231
13 195 24 195
139 212 150 212
69 122 70 127
59 172 64 173
50 197 61 197
6 31 11 32
182 128 185 130
104 164 115 164
2 229 13 229
1 124 12 124
56 155 58 158
188 52 199 52
36 97 41 98
67 48 72 49
25 90 30 91
116 212 126 212
129 168 132 170
192 11 194 14
95 174 106 174
164 174 167 176
149 122 151 125
188 57 199 57
40 237 51 237
100 242 103 244
75 50 80 51
135 78 137 81
14 227 19 228
8 184 13 185
115 208 126 208
104 219 107 221
149 220 154 221
191 140 196 141
46 224 49 226
18 218 19 221
25 46 36 46
2 189 13 189
179 103 190 103
194 38 199 39
18 112 29 112
191 219 196 220
26 179 31 180
176 90 187 90
111 93 122 93
193 217 198 218
30 245 35 246
103 206 105 209
124 248 129 249
3 238 14 238
88 21 91 23
64 223 75 223
178 190 189 190
131 204 133 207
29 185 34 186
57 163 68 163
97 63 102 64
146 50 157 50
69 239 74 240
127 157 138 157
138 221 141 223
146 11 151 12
156 51 158 54
1 132 6 133
66 237 68 240
134 173 139 174
186 15 197 15
144 208 155 208
191 5 196 6
89 120 92 122
112 63 123 63
119 193 122 195
143 155 145 158
0 173 4 174
174 240 175 245
128 33 130 35
106 89 111 90
194 113 199 114
176 17 181 18
6 73 7 78
139 192 150 192
83 8 94 8
159 168 162 170
34 72 45 72
142 75 147 76
54 80 57 82
20 56 21 60
70 212 73 214
24 3 35 3
155 77 160 78
24 137 35 137
69 162 74 163
41 17 43 20
197 22 199 25
168 244 173 245
145 6 156 6
57 114 62 115
2 86 5 88
36 13 47 13
4 212 7 214
65 81 68 83
127 218 130 220
113 50 124 50
178 34 183 35
138 110 141 112
56 184 61 185
2 191 13 191
126 5 131 6
119 204 130 204
105 145 110 146
99 217 100 220
160 211 171 211
153 99 158 100
72 187 83 187
129 136 140 136
6 17 11 18
26 140 31 141
0 67 11 67
161 105 165 106
168 16 169 21
40 95 51 95
24 10 27 12
60 187 71 187
118 248 123 249
110 211 115 212
181 23 186 24
123 192 126 194
55 44 60 45
158 109 163 110
188 115 199 115
50 80 53 82
39 170 50 170
13 46 24 46
96 217 98 220
16 139 19 141
153 27 156 29
2 135 5 137
18 154 23 155
2 89 5 91
146 176 148 179
102 234 113 234
87 245 90 247
95 205 106 205
36 204 38 206
121 111 126 112
198 161 199 166
84 194 89 195
135 27 140 28
31 216 41 216
24 245 29 246
155 187 166 187
30 112 35 113
130 15 141 15
0 26 11 26
20 143 22 146
148 119 151 121
0 16 5 17
168 142 171 144
135 244 140 245
49 152 60 152
89 203 94 204
75 86 86 86
60 54 63 56
195 44 198 46
141 137 144 139
155 183 157 186
130 228 135 229
156 97 165 97
124 61 127 63
13 169 18 170
45 9 50 10
145 84 148 86
171 208 176 209
160 206 161 210
130 173 133 175
87 37 89 40
0 206 11 206
90 102 101 102
62 80 64 83
187 23 192 24
98 147 109 147
158 183 161 185
4 146 7 148
126 89 131 90
165 56 167 59
99 130 104 131
12 78 14 81
163 224 168 225
110 94 113 96
152 135 157 136
142 97 145 99
93 125 98 126
76 22 87 22
163 99 165 102
107 7 110 8
75 70 78 72
142 20 147 21
30 83 41 83
182 108 187 109
125 241 130 242
190 159 195 160
173 16 175 18
87 51 98 51
103 237 108 238
197 168 199 171
12 114 15 116
9 95 14 96
40 174 45 175
87 114 92 115
2 201 4 204
150 97 155 98
91 67 93 70
131 217 134 219
176 92 181 93
165 72 166 77
25 22 28 24
121 190 126 191
20 227 25 228
56 141 61 142
47 69 52 70
196 232 197 235
174 231 185 231
78 180 81 182
153 178 158 179
94 185 97 186
185 215 188 217
152 119 153 124
186 111 187 116
170 17 172 20
120 169 125 170
63 113 66 115
121 197 126 198
143 244 145 247
161 227 166 228
12 85 17 86
148 170 153 171
87 98 90 100
186 164 189 166
4 244 7 246
119 172 124 173
196 224 199 226
198 124 199 129
143 153 148 154
167 95 172 96
106 85 111 86
58 80 61 82
56 160 61 161
19 90 24 91
109 60 111 63
83 98 86 100
199 206 199 217
132 160 134 163
0 194 5 195
88 65 90 68
75 84 86 84
88 162 93 163
173 93 175 96
44 217 46 220
179 244 182 246
70 221 75 222
198 31 199 36
0 146 3 148
6 194 11 195
34 204 35 209
120 86 122 89
2 81 3 85
0 180 0 191
145 142 147 145
194 7 196 10
0 109 1 114
179 239 181 242
195 239 196 242
130 68 135 69
162 84 165 86
79 126 84 127
170 150 173 152
52 193 57 194
149 178 152 179
100 210 102 213
56 87 57 92
197 240 198 245
171 196 174 198
58 170 61 171
131 58 132 62
162 153 166 154
129 58 130 63
139 17 141 20
67 135 69 138
51 183 52 186
154 7 156 10
0 92 5 93
5 201 7 204
0 161 0 172
36 99 41 100
180 166 185 167
58 87 59 92
196 124 197 129
23 168 26 170
172 106 174 108
84 189 87 191
166 106 171 107
190 92 191 97
178 154 181 156
33 97 35 100
196 0 199 2
0 23 5 24
184 171 187 173
196 132 199 134
12 21 12 32
157 5 158 10
172 160 177 161
